CRITICAL - 2022-10-12 01:22:51 --> Call to a member function where() on string
#0 C:\xampp\htdocs\belajar\system\CodeIgniter.php(824): App\Controllers\Home->post('perjuangan-dan-...')
#1 C:\xampp\htdocs\belajar\system\CodeIgniter.php(410): CodeIgniter\CodeIgniter->runController(Object(App\Controllers\Home))
#2 C:\xampp\htdocs\belajar\system\CodeIgniter.php(318): CodeIgniter\CodeIgniter->handleRequest(NULL, Object(Config\Cache), false)
#3 C:\xampp\htdocs\belajar\public\index.php(37): CodeIgniter\CodeIgniter->run()
#4 {main}
CRITICAL - 2022-10-12 01:23:09 --> Call to a member function where() on string
#0 C:\xampp\htdocs\belajar\system\CodeIgniter.php(824): App\Controllers\Home->post('perjuangan-dan-...')
#1 C:\xampp\htdocs\belajar\system\CodeIgniter.php(410): CodeIgniter\CodeIgniter->runController(Object(App\Controllers\Home))
#2 C:\xampp\htdocs\belajar\system\CodeIgniter.php(318): CodeIgniter\CodeIgniter->handleRequest(NULL, Object(Config\Cache), false)
#3 C:\xampp\htdocs\belajar\public\index.php(37): CodeIgniter\CodeIgniter->run()
#4 {main}
CRITICAL - 2022-10-12 01:25:30 --> Illegal string offset 'id_comment'
#0 C:\xampp\htdocs\belajar\app\Views\admin_msg.php(26): CodeIgniter\Debug\Exceptions->errorHandler(2, 'Illegal string ...', 'C:\\xampp\\htdocs...', 26, Array)
#1 C:\xampp\htdocs\belajar\system\View\View.php(214): include('C:\\xampp\\htdocs...')
#2 C:\xampp\htdocs\belajar\system\View\View.php(217): CodeIgniter\View\View->CodeIgniter\View\{closure}()
#3 C:\xampp\htdocs\belajar\system\Common.php(1097): CodeIgniter\View\View->render('admin_msg', Array, true)
#4 C:\xampp\htdocs\belajar\app\Controllers\Message.php(33): view('admin_msg', Array)
#5 C:\xampp\htdocs\belajar\system\CodeIgniter.php(824): App\Controllers\Message->message()
#6 C:\xampp\htdocs\belajar\system\CodeIgniter.php(410): CodeIgniter\CodeIgniter->runController(Object(App\Controllers\Message))
#7 C:\xampp\htdocs\belajar\system\CodeIgniter.php(318): CodeIgniter\CodeIgniter->handleRequest(NULL, Object(Config\Cache), false)
#8 C:\xampp\htdocs\belajar\public\index.php(37): CodeIgniter\CodeIgniter->run()
#9 {main}
CRITICAL - 2022-10-12 01:26:19 --> Illegal string offset 'id_comment'
#0 C:\xampp\htdocs\belajar\app\Views\admin_msg.php(26): CodeIgniter\Debug\Exceptions->errorHandler(2, 'Illegal string ...', 'C:\\xampp\\htdocs...', 26, Array)
#1 C:\xampp\htdocs\belajar\system\View\View.php(214): include('C:\\xampp\\htdocs...')
#2 C:\xampp\htdocs\belajar\system\View\View.php(217): CodeIgniter\View\View->CodeIgniter\View\{closure}()
#3 C:\xampp\htdocs\belajar\system\Common.php(1097): CodeIgniter\View\View->render('admin_msg', Array, true)
#4 C:\xampp\htdocs\belajar\app\Controllers\Message.php(33): view('admin_msg', Array)
#5 C:\xampp\htdocs\belajar\system\CodeIgniter.php(824): App\Controllers\Message->message()
#6 C:\xampp\htdocs\belajar\system\CodeIgniter.php(410): CodeIgniter\CodeIgniter->runController(Object(App\Controllers\Message))
#7 C:\xampp\htdocs\belajar\system\CodeIgniter.php(318): CodeIgniter\CodeIgniter->handleRequest(NULL, Object(Config\Cache), false)
#8 C:\xampp\htdocs\belajar\public\index.php(37): CodeIgniter\CodeIgniter->run()
#9 {main}
CRITICAL - 2022-10-12 01:26:21 --> Illegal string offset 'id_comment'
#0 C:\xampp\htdocs\belajar\app\Views\admin_msg.php(26): CodeIgniter\Debug\Exceptions->errorHandler(2, 'Illegal string ...', 'C:\\xampp\\htdocs...', 26, Array)
#1 C:\xampp\htdocs\belajar\system\View\View.php(214): include('C:\\xampp\\htdocs...')
#2 C:\xampp\htdocs\belajar\system\View\View.php(217): CodeIgniter\View\View->CodeIgniter\View\{closure}()
#3 C:\xampp\htdocs\belajar\system\Common.php(1097): CodeIgniter\View\View->render('admin_msg', Array, true)
#4 C:\xampp\htdocs\belajar\app\Controllers\Message.php(33): view('admin_msg', Array)
#5 C:\xampp\htdocs\belajar\system\CodeIgniter.php(824): App\Controllers\Message->message()
#6 C:\xampp\htdocs\belajar\system\CodeIgniter.php(410): CodeIgniter\CodeIgniter->runController(Object(App\Controllers\Message))
#7 C:\xampp\htdocs\belajar\system\CodeIgniter.php(318): CodeIgniter\CodeIgniter->handleRequest(NULL, Object(Config\Cache), false)
#8 C:\xampp\htdocs\belajar\public\index.php(37): CodeIgniter\CodeIgniter->run()
#9 {main}
CRITICAL - 2022-10-12 01:26:22 --> Illegal string offset 'id_comment'
#0 C:\xampp\htdocs\belajar\app\Views\admin_msg.php(26): CodeIgniter\Debug\Exceptions->errorHandler(2, 'Illegal string ...', 'C:\\xampp\\htdocs...', 26, Array)
#1 C:\xampp\htdocs\belajar\system\View\View.php(214): include('C:\\xampp\\htdocs...')
#2 C:\xampp\htdocs\belajar\system\View\View.php(217): CodeIgniter\View\View->CodeIgniter\View\{closure}()
#3 C:\xampp\htdocs\belajar\system\Common.php(1097): CodeIgniter\View\View->render('admin_msg', Array, true)
#4 C:\xampp\htdocs\belajar\app\Controllers\Message.php(33): view('admin_msg', Array)
#5 C:\xampp\htdocs\belajar\system\CodeIgniter.php(824): App\Controllers\Message->message()
#6 C:\xampp\htdocs\belajar\system\CodeIgniter.php(410): CodeIgniter\CodeIgniter->runController(Object(App\Controllers\Message))
#7 C:\xampp\htdocs\belajar\system\CodeIgniter.php(318): CodeIgniter\CodeIgniter->handleRequest(NULL, Object(Config\Cache), false)
#8 C:\xampp\htdocs\belajar\public\index.php(37): CodeIgniter\CodeIgniter->run()
#9 {main}
