CRITICAL - 2022-09-09 23:00:48 --> Class 'App\Controllers\AdminModel' not found
#0 C:\xampp\htdocs\belajar\system\CodeIgniter.php(824): App\Controllers\Home->index()
#1 C:\xampp\htdocs\belajar\system\CodeIgniter.php(410): CodeIgniter\CodeIgniter->runController(Object(App\Controllers\Home))
#2 C:\xampp\htdocs\belajar\system\CodeIgniter.php(318): CodeIgniter\CodeIgniter->handleRequest(NULL, Object(Config\Cache), false)
#3 C:\xampp\htdocs\belajar\public\index.php(37): CodeIgniter\CodeIgniter->run()
#4 {main}
CRITICAL - 2022-09-09 23:12:33 --> Class 'Codeigniter\Model' not found
#0 C:\xampp\htdocs\belajar\system\Autoloader\Autoloader.php(264): include_once()
#1 C:\xampp\htdocs\belajar\system\Autoloader\Autoloader.php(241): CodeIgniter\Autoloader\Autoloader->includeFile('C:\\xampp\\htdocs...')
#2 C:\xampp\htdocs\belajar\system\Autoloader\Autoloader.php(219): CodeIgniter\Autoloader\Autoloader->loadInNamespace('App\\Models\\Admi...')
#3 [internal function]: CodeIgniter\Autoloader\Autoloader->loadClass('App\\Models\\Admi...')
#4 C:\xampp\htdocs\belajar\app\Controllers\Home.php(12): spl_autoload_call('App\\Models\\Admi...')
#5 C:\xampp\htdocs\belajar\system\CodeIgniter.php(824): App\Controllers\Home->index()
#6 C:\xampp\htdocs\belajar\system\CodeIgniter.php(410): CodeIgniter\CodeIgniter->runController(Object(App\Controllers\Home))
#7 C:\xampp\htdocs\belajar\system\CodeIgniter.php(318): CodeIgniter\CodeIgniter->handleRequest(NULL, Object(Config\Cache), false)
#8 C:\xampp\htdocs\belajar\public\index.php(37): CodeIgniter\CodeIgniter->run()
#9 {main}
CRITICAL - 2022-09-09 23:12:54 --> Class 'App\Models\Models' not found
#0 C:\xampp\htdocs\belajar\system\Autoloader\Autoloader.php(264): include_once()
#1 C:\xampp\htdocs\belajar\system\Autoloader\Autoloader.php(241): CodeIgniter\Autoloader\Autoloader->includeFile('C:\\xampp\\htdocs...')
#2 C:\xampp\htdocs\belajar\system\Autoloader\Autoloader.php(219): CodeIgniter\Autoloader\Autoloader->loadInNamespace('App\\Models\\Admi...')
#3 [internal function]: CodeIgniter\Autoloader\Autoloader->loadClass('App\\Models\\Admi...')
#4 C:\xampp\htdocs\belajar\app\Controllers\Home.php(12): spl_autoload_call('App\\Models\\Admi...')
#5 C:\xampp\htdocs\belajar\system\CodeIgniter.php(824): App\Controllers\Home->index()
#6 C:\xampp\htdocs\belajar\system\CodeIgniter.php(410): CodeIgniter\CodeIgniter->runController(Object(App\Controllers\Home))
#7 C:\xampp\htdocs\belajar\system\CodeIgniter.php(318): CodeIgniter\CodeIgniter->handleRequest(NULL, Object(Config\Cache), false)
#8 C:\xampp\htdocs\belajar\public\index.php(37): CodeIgniter\CodeIgniter->run()
#9 {main}
CRITICAL - 2022-09-09 23:22:19 --> Class 'Codeigniter\Model' not found
#0 C:\xampp\htdocs\belajar\system\Autoloader\Autoloader.php(264): include_once()
#1 C:\xampp\htdocs\belajar\system\Autoloader\Autoloader.php(241): CodeIgniter\Autoloader\Autoloader->includeFile('C:\\xampp\\htdocs...')
#2 C:\xampp\htdocs\belajar\system\Autoloader\Autoloader.php(219): CodeIgniter\Autoloader\Autoloader->loadInNamespace('App\\Models\\Admi...')
#3 [internal function]: CodeIgniter\Autoloader\Autoloader->loadClass('App\\Models\\Admi...')
#4 C:\xampp\htdocs\belajar\app\Controllers\Home.php(12): spl_autoload_call('App\\Models\\Admi...')
#5 C:\xampp\htdocs\belajar\system\CodeIgniter.php(824): App\Controllers\Home->index()
#6 C:\xampp\htdocs\belajar\system\CodeIgniter.php(410): CodeIgniter\CodeIgniter->runController(Object(App\Controllers\Home))
#7 C:\xampp\htdocs\belajar\system\CodeIgniter.php(318): CodeIgniter\CodeIgniter->handleRequest(NULL, Object(Config\Cache), false)
#8 C:\xampp\htdocs\belajar\public\index.php(37): CodeIgniter\CodeIgniter->run()
#9 {main}
CRITICAL - 2022-09-09 23:22:20 --> Class 'Codeigniter\Model' not found
#0 C:\xampp\htdocs\belajar\system\Autoloader\Autoloader.php(264): include_once()
#1 C:\xampp\htdocs\belajar\system\Autoloader\Autoloader.php(241): CodeIgniter\Autoloader\Autoloader->includeFile('C:\\xampp\\htdocs...')
#2 C:\xampp\htdocs\belajar\system\Autoloader\Autoloader.php(219): CodeIgniter\Autoloader\Autoloader->loadInNamespace('App\\Models\\Admi...')
#3 [internal function]: CodeIgniter\Autoloader\Autoloader->loadClass('App\\Models\\Admi...')
#4 C:\xampp\htdocs\belajar\app\Controllers\Home.php(12): spl_autoload_call('App\\Models\\Admi...')
#5 C:\xampp\htdocs\belajar\system\CodeIgniter.php(824): App\Controllers\Home->index()
#6 C:\xampp\htdocs\belajar\system\CodeIgniter.php(410): CodeIgniter\CodeIgniter->runController(Object(App\Controllers\Home))
#7 C:\xampp\htdocs\belajar\system\CodeIgniter.php(318): CodeIgniter\CodeIgniter->handleRequest(NULL, Object(Config\Cache), false)
#8 C:\xampp\htdocs\belajar\public\index.php(37): CodeIgniter\CodeIgniter->run()
#9 {main}
CRITICAL - 2022-09-09 23:22:58 --> Invalid file: post_home.php
#0 C:\xampp\htdocs\belajar\system\View\View.php(198): CodeIgniter\Exceptions\FrameworkException::forInvalidFile('post_home.php')
#1 C:\xampp\htdocs\belajar\system\Common.php(1097): CodeIgniter\View\View->render('post_home', Array, true)
#2 C:\xampp\htdocs\belajar\app\Controllers\Home.php(16): view('post_home', Array)
#3 C:\xampp\htdocs\belajar\system\CodeIgniter.php(824): App\Controllers\Home->index()
#4 C:\xampp\htdocs\belajar\system\CodeIgniter.php(410): CodeIgniter\CodeIgniter->runController(Object(App\Controllers\Home))
#5 C:\xampp\htdocs\belajar\system\CodeIgniter.php(318): CodeIgniter\CodeIgniter->handleRequest(NULL, Object(Config\Cache), false)
#6 C:\xampp\htdocs\belajar\public\index.php(37): CodeIgniter\CodeIgniter->run()
#7 {main}
CRITICAL - 2022-09-09 23:28:26 --> Invalid file: post_home.php
#0 C:\xampp\htdocs\belajar\system\View\View.php(198): CodeIgniter\Exceptions\FrameworkException::forInvalidFile('post_home.php')
#1 C:\xampp\htdocs\belajar\system\Common.php(1097): CodeIgniter\View\View->render('post_home', Array, true)
#2 C:\xampp\htdocs\belajar\app\Controllers\Home.php(16): view('post_home', Array)
#3 C:\xampp\htdocs\belajar\system\CodeIgniter.php(824): App\Controllers\Home->index()
#4 C:\xampp\htdocs\belajar\system\CodeIgniter.php(410): CodeIgniter\CodeIgniter->runController(Object(App\Controllers\Home))
#5 C:\xampp\htdocs\belajar\system\CodeIgniter.php(318): CodeIgniter\CodeIgniter->handleRequest(NULL, Object(Config\Cache), false)
#6 C:\xampp\htdocs\belajar\public\index.php(37): CodeIgniter\CodeIgniter->run()
#7 {main}
CRITICAL - 2022-09-09 23:28:28 --> Invalid file: post_home.php
#0 C:\xampp\htdocs\belajar\system\View\View.php(198): CodeIgniter\Exceptions\FrameworkException::forInvalidFile('post_home.php')
#1 C:\xampp\htdocs\belajar\system\Common.php(1097): CodeIgniter\View\View->render('post_home', Array, true)
#2 C:\xampp\htdocs\belajar\app\Controllers\Home.php(16): view('post_home', Array)
#3 C:\xampp\htdocs\belajar\system\CodeIgniter.php(824): App\Controllers\Home->index()
#4 C:\xampp\htdocs\belajar\system\CodeIgniter.php(410): CodeIgniter\CodeIgniter->runController(Object(App\Controllers\Home))
#5 C:\xampp\htdocs\belajar\system\CodeIgniter.php(318): CodeIgniter\CodeIgniter->handleRequest(NULL, Object(Config\Cache), false)
#6 C:\xampp\htdocs\belajar\public\index.php(37): CodeIgniter\CodeIgniter->run()
#7 {main}
CRITICAL - 2022-09-09 23:28:28 --> Invalid file: post_home.php
#0 C:\xampp\htdocs\belajar\system\View\View.php(198): CodeIgniter\Exceptions\FrameworkException::forInvalidFile('post_home.php')
#1 C:\xampp\htdocs\belajar\system\Common.php(1097): CodeIgniter\View\View->render('post_home', Array, true)
#2 C:\xampp\htdocs\belajar\app\Controllers\Home.php(16): view('post_home', Array)
#3 C:\xampp\htdocs\belajar\system\CodeIgniter.php(824): App\Controllers\Home->index()
#4 C:\xampp\htdocs\belajar\system\CodeIgniter.php(410): CodeIgniter\CodeIgniter->runController(Object(App\Controllers\Home))
#5 C:\xampp\htdocs\belajar\system\CodeIgniter.php(318): CodeIgniter\CodeIgniter->handleRequest(NULL, Object(Config\Cache), false)
#6 C:\xampp\htdocs\belajar\public\index.php(37): CodeIgniter\CodeIgniter->run()
#7 {main}
CRITICAL - 2022-09-09 23:29:15 --> Invalid file: post_home.php
#0 C:\xampp\htdocs\belajar\system\View\View.php(198): CodeIgniter\Exceptions\FrameworkException::forInvalidFile('post_home.php')
#1 C:\xampp\htdocs\belajar\system\Common.php(1097): CodeIgniter\View\View->render('post_home', Array, true)
#2 C:\xampp\htdocs\belajar\app\Controllers\Home.php(16): view('post_home', Array)
#3 C:\xampp\htdocs\belajar\system\CodeIgniter.php(824): App\Controllers\Home->index()
#4 C:\xampp\htdocs\belajar\system\CodeIgniter.php(410): CodeIgniter\CodeIgniter->runController(Object(App\Controllers\Home))
#5 C:\xampp\htdocs\belajar\system\CodeIgniter.php(318): CodeIgniter\CodeIgniter->handleRequest(NULL, Object(Config\Cache), false)
#6 C:\xampp\htdocs\belajar\public\index.php(37): CodeIgniter\CodeIgniter->run()
#7 {main}
CRITICAL - 2022-09-09 23:30:46 --> Undefined variable: indxes
#0 C:\xampp\htdocs\belajar\app\Views\post_home.php(6): CodeIgniter\Debug\Exceptions->errorHandler(8, 'Undefined varia...', 'C:\\xampp\\htdocs...', 6, Array)
#1 C:\xampp\htdocs\belajar\system\View\View.php(214): include('C:\\xampp\\htdocs...')
#2 C:\xampp\htdocs\belajar\system\View\View.php(217): CodeIgniter\View\View->CodeIgniter\View\{closure}()
#3 C:\xampp\htdocs\belajar\system\Common.php(1097): CodeIgniter\View\View->render('post_home', Array, true)
#4 C:\xampp\htdocs\belajar\app\Controllers\Home.php(16): view('post_home', Array)
#5 C:\xampp\htdocs\belajar\system\CodeIgniter.php(824): App\Controllers\Home->index()
#6 C:\xampp\htdocs\belajar\system\CodeIgniter.php(410): CodeIgniter\CodeIgniter->runController(Object(App\Controllers\Home))
#7 C:\xampp\htdocs\belajar\system\CodeIgniter.php(318): CodeIgniter\CodeIgniter->handleRequest(NULL, Object(Config\Cache), false)
#8 C:\xampp\htdocs\belajar\public\index.php(37): CodeIgniter\CodeIgniter->run()
#9 {main}
