CRITICAL - 2022-10-23 20:52:39 --> Call to a member function with() on string
#0 C:\xampp\htdocs\belajar\system\CodeIgniter.php(824): App\Controllers\Message->pesan()
#1 C:\xampp\htdocs\belajar\system\CodeIgniter.php(410): CodeIgniter\CodeIgniter->runController(Object(App\Controllers\Message))
#2 C:\xampp\htdocs\belajar\system\CodeIgniter.php(318): CodeIgniter\CodeIgniter->handleRequest(NULL, Object(Config\Cache), false)
#3 C:\xampp\htdocs\belajar\public\index.php(37): CodeIgniter\CodeIgniter->run()
#4 {main}
CRITICAL - 2022-10-23 20:57:10 -->  route cannot be found while reverse-routing.
#0 C:\xampp\htdocs\belajar\system\HTTP\RedirectResponse.php(56): CodeIgniter\HTTP\Exceptions\HTTPException::forInvalidRedirectRoute('')
#1 C:\xampp\htdocs\belajar\system\Common.php(840): CodeIgniter\HTTP\RedirectResponse->route(false)
#2 C:\xampp\htdocs\belajar\app\Controllers\Message.php(26): redirect('/contact')
#3 C:\xampp\htdocs\belajar\system\CodeIgniter.php(824): App\Controllers\Message->pesan()
#4 C:\xampp\htdocs\belajar\system\CodeIgniter.php(410): CodeIgniter\CodeIgniter->runController(Object(App\Controllers\Message))
#5 C:\xampp\htdocs\belajar\system\CodeIgniter.php(318): CodeIgniter\CodeIgniter->handleRequest(NULL, Object(Config\Cache), false)
#6 C:\xampp\htdocs\belajar\public\index.php(37): CodeIgniter\CodeIgniter->run()
#7 {main}
CRITICAL - 2022-10-23 21:07:03 --> Function name must be a string
#0 C:\xampp\htdocs\belajar\system\View\View.php(214): include()
#1 C:\xampp\htdocs\belajar\system\View\View.php(217): CodeIgniter\View\View->CodeIgniter\View\{closure}()
#2 C:\xampp\htdocs\belajar\system\Common.php(1097): CodeIgniter\View\View->render('post', Array, true)
#3 C:\xampp\htdocs\belajar\app\Controllers\Home.php(34): view('post', Array)
#4 C:\xampp\htdocs\belajar\system\CodeIgniter.php(824): App\Controllers\Home->post('lorem-ipsum')
#5 C:\xampp\htdocs\belajar\system\CodeIgniter.php(410): CodeIgniter\CodeIgniter->runController(Object(App\Controllers\Home))
#6 C:\xampp\htdocs\belajar\system\CodeIgniter.php(318): CodeIgniter\CodeIgniter->handleRequest(NULL, Object(Config\Cache), false)
#7 C:\xampp\htdocs\belajar\public\index.php(37): CodeIgniter\CodeIgniter->run()
#8 {main}
