CRITICAL - 2022-09-26 02:35:07 --> Call to undefined method CodeIgniter\Pager\Pager::pagin()
#0 C:\xampp\htdocs\belajar\system\View\View.php(214): include()
#1 C:\xampp\htdocs\belajar\system\View\View.php(217): CodeIgniter\View\View->CodeIgniter\View\{closure}()
#2 C:\xampp\htdocs\belajar\system\Common.php(1097): CodeIgniter\View\View->render('search', Array, true)
#3 C:\xampp\htdocs\belajar\app\Controllers\Home.php(58): view('search', Array)
#4 C:\xampp\htdocs\belajar\system\CodeIgniter.php(824): App\Controllers\Home->search()
#5 C:\xampp\htdocs\belajar\system\CodeIgniter.php(410): CodeIgniter\CodeIgniter->runController(Object(App\Controllers\Home))
#6 C:\xampp\htdocs\belajar\system\CodeIgniter.php(318): CodeIgniter\CodeIgniter->handleRequest(NULL, Object(Config\Cache), false)
#7 C:\xampp\htdocs\belajar\public\index.php(37): CodeIgniter\CodeIgniter->run()
#8 {main}
CRITICAL - 2022-09-26 02:38:34 --> Call to undefined method CodeIgniter\Pager\Pager::pagin()
#0 C:\xampp\htdocs\belajar\system\View\View.php(214): include()
#1 C:\xampp\htdocs\belajar\system\View\View.php(217): CodeIgniter\View\View->CodeIgniter\View\{closure}()
#2 C:\xampp\htdocs\belajar\system\Common.php(1097): CodeIgniter\View\View->render('search', Array, true)
#3 C:\xampp\htdocs\belajar\app\Controllers\Home.php(58): view('search', Array)
#4 C:\xampp\htdocs\belajar\system\CodeIgniter.php(824): App\Controllers\Home->search()
#5 C:\xampp\htdocs\belajar\system\CodeIgniter.php(410): CodeIgniter\CodeIgniter->runController(Object(App\Controllers\Home))
#6 C:\xampp\htdocs\belajar\system\CodeIgniter.php(318): CodeIgniter\CodeIgniter->handleRequest(NULL, Object(Config\Cache), false)
#7 C:\xampp\htdocs\belajar\public\index.php(37): CodeIgniter\CodeIgniter->run()
#8 {main}
CRITICAL - 2022-09-26 02:38:37 --> Call to undefined method CodeIgniter\Pager\Pager::pagin()
#0 C:\xampp\htdocs\belajar\system\View\View.php(214): include()
#1 C:\xampp\htdocs\belajar\system\View\View.php(217): CodeIgniter\View\View->CodeIgniter\View\{closure}()
#2 C:\xampp\htdocs\belajar\system\Common.php(1097): CodeIgniter\View\View->render('search', Array, true)
#3 C:\xampp\htdocs\belajar\app\Controllers\Home.php(58): view('search', Array)
#4 C:\xampp\htdocs\belajar\system\CodeIgniter.php(824): App\Controllers\Home->search()
#5 C:\xampp\htdocs\belajar\system\CodeIgniter.php(410): CodeIgniter\CodeIgniter->runController(Object(App\Controllers\Home))
#6 C:\xampp\htdocs\belajar\system\CodeIgniter.php(318): CodeIgniter\CodeIgniter->handleRequest(NULL, Object(Config\Cache), false)
#7 C:\xampp\htdocs\belajar\public\index.php(37): CodeIgniter\CodeIgniter->run()
#8 {main}
CRITICAL - 2022-09-26 02:41:42 --> pagination is not a valid Pager template.
#0 C:\xampp\htdocs\belajar\system\Pager\Pager.php(120): CodeIgniter\Pager\Exceptions\PagerException::forInvalidTemplate('pagination')
#1 C:\xampp\htdocs\belajar\system\Pager\Pager.php(83): CodeIgniter\Pager\Pager->displayLinks('pagin', 'pagination')
#2 C:\xampp\htdocs\belajar\app\Views\search.php(41): CodeIgniter\Pager\Pager->links('pagin', 'pagination')
#3 C:\xampp\htdocs\belajar\system\View\View.php(214): include('C:\\xampp\\htdocs...')
#4 C:\xampp\htdocs\belajar\system\View\View.php(217): CodeIgniter\View\View->CodeIgniter\View\{closure}()
#5 C:\xampp\htdocs\belajar\system\Common.php(1097): CodeIgniter\View\View->render('search', Array, true)
#6 C:\xampp\htdocs\belajar\app\Controllers\Home.php(58): view('search', Array)
#7 C:\xampp\htdocs\belajar\system\CodeIgniter.php(824): App\Controllers\Home->search()
#8 C:\xampp\htdocs\belajar\system\CodeIgniter.php(410): CodeIgniter\CodeIgniter->runController(Object(App\Controllers\Home))
#9 C:\xampp\htdocs\belajar\system\CodeIgniter.php(318): CodeIgniter\CodeIgniter->handleRequest(NULL, Object(Config\Cache), false)
#10 C:\xampp\htdocs\belajar\public\index.php(37): CodeIgniter\CodeIgniter->run()
#11 {main}
CRITICAL - 2022-09-26 02:42:55 --> Invalid file: App\Views\Pagers\pagination.php
#0 C:\xampp\htdocs\belajar\system\View\View.php(198): CodeIgniter\Exceptions\FrameworkException::forInvalidFile('App\\Views\\Pager...')
#1 C:\xampp\htdocs\belajar\system\Pager\Pager.php(125): CodeIgniter\View\View->render('App\\Views\\Pager...')
#2 C:\xampp\htdocs\belajar\system\Pager\Pager.php(83): CodeIgniter\Pager\Pager->displayLinks('pagin', 'pagination')
#3 C:\xampp\htdocs\belajar\app\Views\search.php(41): CodeIgniter\Pager\Pager->links('pagin', 'pagination')
#4 C:\xampp\htdocs\belajar\system\View\View.php(214): include('C:\\xampp\\htdocs...')
#5 C:\xampp\htdocs\belajar\system\View\View.php(217): CodeIgniter\View\View->CodeIgniter\View\{closure}()
#6 C:\xampp\htdocs\belajar\system\Common.php(1097): CodeIgniter\View\View->render('search', Array, true)
#7 C:\xampp\htdocs\belajar\app\Controllers\Home.php(58): view('search', Array)
#8 C:\xampp\htdocs\belajar\system\CodeIgniter.php(824): App\Controllers\Home->search()
#9 C:\xampp\htdocs\belajar\system\CodeIgniter.php(410): CodeIgniter\CodeIgniter->runController(Object(App\Controllers\Home))
#10 C:\xampp\htdocs\belajar\system\CodeIgniter.php(318): CodeIgniter\CodeIgniter->handleRequest(NULL, Object(Config\Cache), false)
#11 C:\xampp\htdocs\belajar\public\index.php(37): CodeIgniter\CodeIgniter->run()
#12 {main}
CRITICAL - 2022-09-26 02:44:17 --> Call to undefined method CodeIgniter\Pager\PagerRenderer::getLastPage()
#0 C:\xampp\htdocs\belajar\system\View\View.php(214): include()
#1 C:\xampp\htdocs\belajar\system\View\View.php(217): CodeIgniter\View\View->CodeIgniter\View\{closure}()
#2 C:\xampp\htdocs\belajar\system\Pager\Pager.php(125): CodeIgniter\View\View->render('App\\Views\\Pager...')
#3 C:\xampp\htdocs\belajar\system\Pager\Pager.php(83): CodeIgniter\Pager\Pager->displayLinks('pagin', 'pagination')
#4 C:\xampp\htdocs\belajar\app\Views\search.php(41): CodeIgniter\Pager\Pager->links('pagin', 'pagination')
#5 C:\xampp\htdocs\belajar\system\View\View.php(214): include('C:\\xampp\\htdocs...')
#6 C:\xampp\htdocs\belajar\system\View\View.php(217): CodeIgniter\View\View->CodeIgniter\View\{closure}()
#7 C:\xampp\htdocs\belajar\system\Common.php(1097): CodeIgniter\View\View->render('search', Array, true)
#8 C:\xampp\htdocs\belajar\app\Controllers\Home.php(58): view('search', Array)
#9 C:\xampp\htdocs\belajar\system\CodeIgniter.php(824): App\Controllers\Home->search()
#10 C:\xampp\htdocs\belajar\system\CodeIgniter.php(410): CodeIgniter\CodeIgniter->runController(Object(App\Controllers\Home))
#11 C:\xampp\htdocs\belajar\system\CodeIgniter.php(318): CodeIgniter\CodeIgniter->handleRequest(NULL, Object(Config\Cache), false)
#12 C:\xampp\htdocs\belajar\public\index.php(37): CodeIgniter\CodeIgniter->run()
#13 {main}
CRITICAL - 2022-09-26 02:45:14 --> syntax error, unexpected '<', expecting end of file
#0 C:\xampp\htdocs\belajar\system\View\View.php(217): CodeIgniter\View\View->CodeIgniter\View\{closure}()
#1 C:\xampp\htdocs\belajar\system\Pager\Pager.php(125): CodeIgniter\View\View->render('App\\Views\\Pager...')
#2 C:\xampp\htdocs\belajar\system\Pager\Pager.php(83): CodeIgniter\Pager\Pager->displayLinks('pagin', 'pagination')
#3 C:\xampp\htdocs\belajar\app\Views\search.php(41): CodeIgniter\Pager\Pager->links('pagin', 'pagination')
#4 C:\xampp\htdocs\belajar\system\View\View.php(214): include('C:\\xampp\\htdocs...')
#5 C:\xampp\htdocs\belajar\system\View\View.php(217): CodeIgniter\View\View->CodeIgniter\View\{closure}()
#6 C:\xampp\htdocs\belajar\system\Common.php(1097): CodeIgniter\View\View->render('search', Array, true)
#7 C:\xampp\htdocs\belajar\app\Controllers\Home.php(58): view('search', Array)
#8 C:\xampp\htdocs\belajar\system\CodeIgniter.php(824): App\Controllers\Home->search()
#9 C:\xampp\htdocs\belajar\system\CodeIgniter.php(410): CodeIgniter\CodeIgniter->runController(Object(App\Controllers\Home))
#10 C:\xampp\htdocs\belajar\system\CodeIgniter.php(318): CodeIgniter\CodeIgniter->handleRequest(NULL, Object(Config\Cache), false)
#11 C:\xampp\htdocs\belajar\public\index.php(37): CodeIgniter\CodeIgniter->run()
#12 {main}
CRITICAL - 2022-09-26 02:45:53 --> Call to undefined method CodeIgniter\Pager\PagerRenderer::getLastPage()
#0 C:\xampp\htdocs\belajar\system\View\View.php(214): include()
#1 C:\xampp\htdocs\belajar\system\View\View.php(217): CodeIgniter\View\View->CodeIgniter\View\{closure}()
#2 C:\xampp\htdocs\belajar\system\Pager\Pager.php(125): CodeIgniter\View\View->render('App\\Views\\Pager...')
#3 C:\xampp\htdocs\belajar\system\Pager\Pager.php(83): CodeIgniter\Pager\Pager->displayLinks('pagin', 'pagination')
#4 C:\xampp\htdocs\belajar\app\Views\search.php(41): CodeIgniter\Pager\Pager->links('pagin', 'pagination')
#5 C:\xampp\htdocs\belajar\system\View\View.php(214): include('C:\\xampp\\htdocs...')
#6 C:\xampp\htdocs\belajar\system\View\View.php(217): CodeIgniter\View\View->CodeIgniter\View\{closure}()
#7 C:\xampp\htdocs\belajar\system\Common.php(1097): CodeIgniter\View\View->render('search', Array, true)
#8 C:\xampp\htdocs\belajar\app\Controllers\Home.php(58): view('search', Array)
#9 C:\xampp\htdocs\belajar\system\CodeIgniter.php(824): App\Controllers\Home->search()
#10 C:\xampp\htdocs\belajar\system\CodeIgniter.php(410): CodeIgniter\CodeIgniter->runController(Object(App\Controllers\Home))
#11 C:\xampp\htdocs\belajar\system\CodeIgniter.php(318): CodeIgniter\CodeIgniter->handleRequest(NULL, Object(Config\Cache), false)
#12 C:\xampp\htdocs\belajar\public\index.php(37): CodeIgniter\CodeIgniter->run()
#13 {main}
CRITICAL - 2022-09-26 21:13:42 --> Undefined variable: pager
#0 C:\xampp\htdocs\belajar\app\Views\index.php(57): CodeIgniter\Debug\Exceptions->errorHandler(8, 'Undefined varia...', 'C:\\xampp\\htdocs...', 57, Array)
#1 C:\xampp\htdocs\belajar\system\View\View.php(214): include('C:\\xampp\\htdocs...')
#2 C:\xampp\htdocs\belajar\system\View\View.php(217): CodeIgniter\View\View->CodeIgniter\View\{closure}()
#3 C:\xampp\htdocs\belajar\system\Common.php(1097): CodeIgniter\View\View->render('index', Array, true)
#4 C:\xampp\htdocs\belajar\app\Controllers\Home.php(17): view('index', Array)
#5 C:\xampp\htdocs\belajar\system\CodeIgniter.php(824): App\Controllers\Home->index()
#6 C:\xampp\htdocs\belajar\system\CodeIgniter.php(410): CodeIgniter\CodeIgniter->runController(Object(App\Controllers\Home))
#7 C:\xampp\htdocs\belajar\system\CodeIgniter.php(318): CodeIgniter\CodeIgniter->handleRequest(NULL, Object(Config\Cache), false)
#8 C:\xampp\htdocs\belajar\public\index.php(37): CodeIgniter\CodeIgniter->run()
#9 {main}
CRITICAL - 2022-09-26 21:14:09 --> Undefined variable: key
#0 C:\xampp\htdocs\belajar\app\Controllers\Home.php(16): CodeIgniter\Debug\Exceptions->errorHandler(8, 'Undefined varia...', 'C:\\xampp\\htdocs...', 16, Array)
#1 C:\xampp\htdocs\belajar\system\CodeIgniter.php(824): App\Controllers\Home->index()
#2 C:\xampp\htdocs\belajar\system\CodeIgniter.php(410): CodeIgniter\CodeIgniter->runController(Object(App\Controllers\Home))
#3 C:\xampp\htdocs\belajar\system\CodeIgniter.php(318): CodeIgniter\CodeIgniter->handleRequest(NULL, Object(Config\Cache), false)
#4 C:\xampp\htdocs\belajar\public\index.php(37): CodeIgniter\CodeIgniter->run()
#5 {main}
CRITICAL - 2022-09-26 21:15:49 --> Undefined variable: belajar
#0 C:\xampp\htdocs\belajar\app\Controllers\Home.php(16): CodeIgniter\Debug\Exceptions->errorHandler(8, 'Undefined varia...', 'C:\\xampp\\htdocs...', 16, Array)
#1 C:\xampp\htdocs\belajar\system\CodeIgniter.php(824): App\Controllers\Home->index()
#2 C:\xampp\htdocs\belajar\system\CodeIgniter.php(410): CodeIgniter\CodeIgniter->runController(Object(App\Controllers\Home))
#3 C:\xampp\htdocs\belajar\system\CodeIgniter.php(318): CodeIgniter\CodeIgniter->handleRequest(NULL, Object(Config\Cache), false)
#4 C:\xampp\htdocs\belajar\public\index.php(37): CodeIgniter\CodeIgniter->run()
#5 {main}
CRITICAL - 2022-09-26 21:16:04 --> Array to string conversion
#0 C:\xampp\htdocs\belajar\app\Controllers\Home.php(16): CodeIgniter\Debug\Exceptions->errorHandler(8, 'Array to string...', 'C:\\xampp\\htdocs...', 16, Array)
#1 C:\xampp\htdocs\belajar\system\CodeIgniter.php(824): App\Controllers\Home->index()
#2 C:\xampp\htdocs\belajar\system\CodeIgniter.php(410): CodeIgniter\CodeIgniter->runController(Object(App\Controllers\Home))
#3 C:\xampp\htdocs\belajar\system\CodeIgniter.php(318): CodeIgniter\CodeIgniter->handleRequest(NULL, Object(Config\Cache), false)
#4 C:\xampp\htdocs\belajar\public\index.php(37): CodeIgniter\CodeIgniter->run()
#5 {main}
CRITICAL - 2022-09-26 21:16:27 --> Call to undefined method App\Models\AdminModel::index
#0 C:\xampp\htdocs\belajar\app\Controllers\Home.php(16): CodeIgniter\Model->__call('index', Array)
#1 C:\xampp\htdocs\belajar\system\CodeIgniter.php(824): App\Controllers\Home->index()
#2 C:\xampp\htdocs\belajar\system\CodeIgniter.php(410): CodeIgniter\CodeIgniter->runController(Object(App\Controllers\Home))
#3 C:\xampp\htdocs\belajar\system\CodeIgniter.php(318): CodeIgniter\CodeIgniter->handleRequest(NULL, Object(Config\Cache), false)
#4 C:\xampp\htdocs\belajar\public\index.php(37): CodeIgniter\CodeIgniter->run()
#5 {main}
CRITICAL - 2022-09-26 21:17:21 --> Undefined variable: model
#0 C:\xampp\htdocs\belajar\app\Controllers\Home.php(17): CodeIgniter\Debug\Exceptions->errorHandler(8, 'Undefined varia...', 'C:\\xampp\\htdocs...', 17, Array)
#1 C:\xampp\htdocs\belajar\system\CodeIgniter.php(824): App\Controllers\Home->index()
#2 C:\xampp\htdocs\belajar\system\CodeIgniter.php(410): CodeIgniter\CodeIgniter->runController(Object(App\Controllers\Home))
#3 C:\xampp\htdocs\belajar\system\CodeIgniter.php(318): CodeIgniter\CodeIgniter->handleRequest(NULL, Object(Config\Cache), false)
#4 C:\xampp\htdocs\belajar\public\index.php(37): CodeIgniter\CodeIgniter->run()
#5 {main}
CRITICAL - 2022-09-26 21:18:19 --> Call to a member function paginate() on array
#0 C:\xampp\htdocs\belajar\system\CodeIgniter.php(824): App\Controllers\Home->index()
#1 C:\xampp\htdocs\belajar\system\CodeIgniter.php(410): CodeIgniter\CodeIgniter->runController(Object(App\Controllers\Home))
#2 C:\xampp\htdocs\belajar\system\CodeIgniter.php(318): CodeIgniter\CodeIgniter->handleRequest(NULL, Object(Config\Cache), false)
#3 C:\xampp\htdocs\belajar\public\index.php(37): CodeIgniter\CodeIgniter->run()
#4 {main}
CRITICAL - 2022-09-26 21:19:28 --> Array to string conversion
#0 C:\xampp\htdocs\belajar\app\Controllers\Home.php(16): CodeIgniter\Debug\Exceptions->errorHandler(8, 'Array to string...', 'C:\\xampp\\htdocs...', 16, Array)
#1 C:\xampp\htdocs\belajar\system\CodeIgniter.php(824): App\Controllers\Home->index()
#2 C:\xampp\htdocs\belajar\system\CodeIgniter.php(410): CodeIgniter\CodeIgniter->runController(Object(App\Controllers\Home))
#3 C:\xampp\htdocs\belajar\system\CodeIgniter.php(318): CodeIgniter\CodeIgniter->handleRequest(NULL, Object(Config\Cache), false)
#4 C:\xampp\htdocs\belajar\public\index.php(37): CodeIgniter\CodeIgniter->run()
#5 {main}
CRITICAL - 2022-09-26 21:25:33 --> Call to a member function paginate() on array
#0 C:\xampp\htdocs\belajar\system\CodeIgniter.php(824): App\Controllers\Home->index()
#1 C:\xampp\htdocs\belajar\system\CodeIgniter.php(410): CodeIgniter\CodeIgniter->runController(Object(App\Controllers\Home))
#2 C:\xampp\htdocs\belajar\system\CodeIgniter.php(318): CodeIgniter\CodeIgniter->handleRequest(NULL, Object(Config\Cache), false)
#3 C:\xampp\htdocs\belajar\public\index.php(37): CodeIgniter\CodeIgniter->run()
#4 {main}
CRITICAL - 2022-09-26 21:50:06 --> Undefined variable: home
#0 C:\xampp\htdocs\belajar\app\Controllers\Admin.php(14): CodeIgniter\Debug\Exceptions->errorHandler(8, 'Undefined varia...', 'C:\\xampp\\htdocs...', 14, Array)
#1 C:\xampp\htdocs\belajar\system\CodeIgniter.php(824): App\Controllers\Admin->admin()
#2 C:\xampp\htdocs\belajar\system\CodeIgniter.php(410): CodeIgniter\CodeIgniter->runController(Object(App\Controllers\Admin))
#3 C:\xampp\htdocs\belajar\system\CodeIgniter.php(318): CodeIgniter\CodeIgniter->handleRequest(NULL, Object(Config\Cache), false)
#4 C:\xampp\htdocs\belajar\public\index.php(37): CodeIgniter\CodeIgniter->run()
#5 {main}
CRITICAL - 2022-09-26 21:50:24 --> paginate is not a valid Pager template.
#0 C:\xampp\htdocs\belajar\system\Pager\Pager.php(120): CodeIgniter\Pager\Exceptions\PagerException::forInvalidTemplate('paginate')
#1 C:\xampp\htdocs\belajar\system\Pager\Pager.php(83): CodeIgniter\Pager\Pager->displayLinks('pagin', 'paginate')
#2 C:\xampp\htdocs\belajar\app\Views\admin_post.php(60): CodeIgniter\Pager\Pager->links('pagin', 'paginate')
#3 C:\xampp\htdocs\belajar\system\View\View.php(214): include('C:\\xampp\\htdocs...')
#4 C:\xampp\htdocs\belajar\system\View\View.php(217): CodeIgniter\View\View->CodeIgniter\View\{closure}()
#5 C:\xampp\htdocs\belajar\system\Common.php(1097): CodeIgniter\View\View->render('admin_post', Array, true)
#6 C:\xampp\htdocs\belajar\app\Controllers\Admin.php(16): view('admin_post', Array)
#7 C:\xampp\htdocs\belajar\system\CodeIgniter.php(824): App\Controllers\Admin->admin()
#8 C:\xampp\htdocs\belajar\system\CodeIgniter.php(410): CodeIgniter\CodeIgniter->runController(Object(App\Controllers\Admin))
#9 C:\xampp\htdocs\belajar\system\CodeIgniter.php(318): CodeIgniter\CodeIgniter->handleRequest(NULL, Object(Config\Cache), false)
#10 C:\xampp\htdocs\belajar\public\index.php(37): CodeIgniter\CodeIgniter->run()
#11 {main}
