CRITICAL - 2022-09-15 01:22:33 --> Undefined variable: belajar
#0 C:\xampp\htdocs\belajar\app\Controllers\Admin.php(50): CodeIgniter\Debug\Exceptions->errorHandler(8, 'Undefined varia...', 'C:\\xampp\\htdocs...', 50, Array)
#1 C:\xampp\htdocs\belajar\system\CodeIgniter.php(824): App\Controllers\Admin->create()
#2 C:\xampp\htdocs\belajar\system\CodeIgniter.php(410): CodeIgniter\CodeIgniter->runController(Object(App\Controllers\Admin))
#3 C:\xampp\htdocs\belajar\system\CodeIgniter.php(318): CodeIgniter\CodeIgniter->handleRequest(NULL, Object(Config\Cache), false)
#4 C:\xampp\htdocs\belajar\public\index.php(37): CodeIgniter\CodeIgniter->run()
#5 {main}
CRITICAL - 2022-09-15 01:24:14 --> unlink(../public/img/tower_1.jpg): No such file or directory
#0 [internal function]: CodeIgniter\Debug\Exceptions->errorHandler(2, 'unlink(../publi...', 'C:\\xampp\\htdocs...', 91, Array)
#1 C:\xampp\htdocs\belajar\app\Controllers\Admin.php(91): unlink('../public/img/t...')
#2 C:\xampp\htdocs\belajar\system\CodeIgniter.php(824): App\Controllers\Admin->delete('18')
#3 C:\xampp\htdocs\belajar\system\CodeIgniter.php(410): CodeIgniter\CodeIgniter->runController(Object(App\Controllers\Admin))
#4 C:\xampp\htdocs\belajar\system\CodeIgniter.php(318): CodeIgniter\CodeIgniter->handleRequest(NULL, Object(Config\Cache), false)
#5 C:\xampp\htdocs\belajar\public\index.php(37): CodeIgniter\CodeIgniter->run()
#6 {main}
CRITICAL - 2022-09-15 01:45:36 --> The original file is not a valid file.
#0 C:\xampp\htdocs\belajar\system\HTTP\Files\UploadedFile.php(137): CodeIgniter\HTTP\Exceptions\HTTPException::forInvalidFile()
#1 C:\xampp\htdocs\belajar\app\Controllers\Admin.php(39): CodeIgniter\HTTP\Files\UploadedFile->move('C:\\xampp\\htdocs...')
#2 C:\xampp\htdocs\belajar\system\CodeIgniter.php(824): App\Controllers\Admin->create()
#3 C:\xampp\htdocs\belajar\system\CodeIgniter.php(410): CodeIgniter\CodeIgniter->runController(Object(App\Controllers\Admin))
#4 C:\xampp\htdocs\belajar\system\CodeIgniter.php(318): CodeIgniter\CodeIgniter->handleRequest(NULL, Object(Config\Cache), false)
#5 C:\xampp\htdocs\belajar\public\index.php(37): CodeIgniter\CodeIgniter->run()
#6 {main}
CRITICAL - 2022-09-15 01:51:32 --> Call to a member function move() on null
#0 C:\xampp\htdocs\belajar\system\CodeIgniter.php(824): App\Controllers\Admin->create()
#1 C:\xampp\htdocs\belajar\system\CodeIgniter.php(410): CodeIgniter\CodeIgniter->runController(Object(App\Controllers\Admin))
#2 C:\xampp\htdocs\belajar\system\CodeIgniter.php(318): CodeIgniter\CodeIgniter->handleRequest(NULL, Object(Config\Cache), false)
#3 C:\xampp\htdocs\belajar\public\index.php(37): CodeIgniter\CodeIgniter->run()
#4 {main}
CRITICAL - 2022-09-15 01:51:43 --> Call to a member function move() on null
#0 C:\xampp\htdocs\belajar\system\CodeIgniter.php(824): App\Controllers\Admin->create()
#1 C:\xampp\htdocs\belajar\system\CodeIgniter.php(410): CodeIgniter\CodeIgniter->runController(Object(App\Controllers\Admin))
#2 C:\xampp\htdocs\belajar\system\CodeIgniter.php(318): CodeIgniter\CodeIgniter->handleRequest(NULL, Object(Config\Cache), false)
#3 C:\xampp\htdocs\belajar\public\index.php(37): CodeIgniter\CodeIgniter->run()
#4 {main}
CRITICAL - 2022-09-15 02:01:30 --> The original file is not a valid file.
#0 C:\xampp\htdocs\belajar\system\HTTP\Files\UploadedFile.php(137): CodeIgniter\HTTP\Exceptions\HTTPException::forInvalidFile()
#1 C:\xampp\htdocs\belajar\app\Controllers\Admin.php(71): CodeIgniter\HTTP\Files\UploadedFile->move('C:\\xampp\\htdocs...')
#2 C:\xampp\htdocs\belajar\system\CodeIgniter.php(824): App\Controllers\Admin->edit('20')
#3 C:\xampp\htdocs\belajar\system\CodeIgniter.php(410): CodeIgniter\CodeIgniter->runController(Object(App\Controllers\Admin))
#4 C:\xampp\htdocs\belajar\system\CodeIgniter.php(318): CodeIgniter\CodeIgniter->handleRequest(NULL, Object(Config\Cache), false)
#5 C:\xampp\htdocs\belajar\public\index.php(37): CodeIgniter\CodeIgniter->run()
#6 {main}
CRITICAL - 2022-09-15 02:01:34 --> The original file is not a valid file.
#0 C:\xampp\htdocs\belajar\system\HTTP\Files\UploadedFile.php(137): CodeIgniter\HTTP\Exceptions\HTTPException::forInvalidFile()
#1 C:\xampp\htdocs\belajar\app\Controllers\Admin.php(71): CodeIgniter\HTTP\Files\UploadedFile->move('C:\\xampp\\htdocs...')
#2 C:\xampp\htdocs\belajar\system\CodeIgniter.php(824): App\Controllers\Admin->edit('20')
#3 C:\xampp\htdocs\belajar\system\CodeIgniter.php(410): CodeIgniter\CodeIgniter->runController(Object(App\Controllers\Admin))
#4 C:\xampp\htdocs\belajar\system\CodeIgniter.php(318): CodeIgniter\CodeIgniter->handleRequest(NULL, Object(Config\Cache), false)
#5 C:\xampp\htdocs\belajar\public\index.php(37): CodeIgniter\CodeIgniter->run()
#6 {main}
CRITICAL - 2022-09-15 02:02:13 --> The original file is not a valid file.
#0 C:\xampp\htdocs\belajar\system\HTTP\Files\UploadedFile.php(137): CodeIgniter\HTTP\Exceptions\HTTPException::forInvalidFile()
#1 C:\xampp\htdocs\belajar\app\Controllers\Admin.php(70): CodeIgniter\HTTP\Files\UploadedFile->move('C:\\xampp\\htdocs...')
#2 C:\xampp\htdocs\belajar\system\CodeIgniter.php(824): App\Controllers\Admin->edit('20')
#3 C:\xampp\htdocs\belajar\system\CodeIgniter.php(410): CodeIgniter\CodeIgniter->runController(Object(App\Controllers\Admin))
#4 C:\xampp\htdocs\belajar\system\CodeIgniter.php(318): CodeIgniter\CodeIgniter->handleRequest(NULL, Object(Config\Cache), false)
#5 C:\xampp\htdocs\belajar\public\index.php(37): CodeIgniter\CodeIgniter->run()
#6 {main}
CRITICAL - 2022-09-15 02:05:43 --> The original file is not a valid file.
#0 C:\xampp\htdocs\belajar\system\HTTP\Files\UploadedFile.php(137): CodeIgniter\HTTP\Exceptions\HTTPException::forInvalidFile()
#1 C:\xampp\htdocs\belajar\app\Controllers\Admin.php(70): CodeIgniter\HTTP\Files\UploadedFile->move('C:\\xampp\\htdocs...')
#2 C:\xampp\htdocs\belajar\system\CodeIgniter.php(824): App\Controllers\Admin->edit('20')
#3 C:\xampp\htdocs\belajar\system\CodeIgniter.php(410): CodeIgniter\CodeIgniter->runController(Object(App\Controllers\Admin))
#4 C:\xampp\htdocs\belajar\system\CodeIgniter.php(318): CodeIgniter\CodeIgniter->handleRequest(NULL, Object(Config\Cache), false)
#5 C:\xampp\htdocs\belajar\public\index.php(37): CodeIgniter\CodeIgniter->run()
#6 {main}
CRITICAL - 2022-09-15 02:05:48 --> The original file is not a valid file.
#0 C:\xampp\htdocs\belajar\system\HTTP\Files\UploadedFile.php(137): CodeIgniter\HTTP\Exceptions\HTTPException::forInvalidFile()
#1 C:\xampp\htdocs\belajar\app\Controllers\Admin.php(70): CodeIgniter\HTTP\Files\UploadedFile->move('C:\\xampp\\htdocs...')
#2 C:\xampp\htdocs\belajar\system\CodeIgniter.php(824): App\Controllers\Admin->edit('20')
#3 C:\xampp\htdocs\belajar\system\CodeIgniter.php(410): CodeIgniter\CodeIgniter->runController(Object(App\Controllers\Admin))
#4 C:\xampp\htdocs\belajar\system\CodeIgniter.php(318): CodeIgniter\CodeIgniter->handleRequest(NULL, Object(Config\Cache), false)
#5 C:\xampp\htdocs\belajar\public\index.php(37): CodeIgniter\CodeIgniter->run()
#6 {main}
CRITICAL - 2022-09-15 02:06:48 --> The original file is not a valid file.
#0 C:\xampp\htdocs\belajar\system\HTTP\Files\UploadedFile.php(137): CodeIgniter\HTTP\Exceptions\HTTPException::forInvalidFile()
#1 C:\xampp\htdocs\belajar\app\Controllers\Admin.php(71): CodeIgniter\HTTP\Files\UploadedFile->move('C:\\xampp\\htdocs...')
#2 C:\xampp\htdocs\belajar\system\CodeIgniter.php(824): App\Controllers\Admin->edit('20')
#3 C:\xampp\htdocs\belajar\system\CodeIgniter.php(410): CodeIgniter\CodeIgniter->runController(Object(App\Controllers\Admin))
#4 C:\xampp\htdocs\belajar\system\CodeIgniter.php(318): CodeIgniter\CodeIgniter->handleRequest(NULL, Object(Config\Cache), false)
#5 C:\xampp\htdocs\belajar\public\index.php(37): CodeIgniter\CodeIgniter->run()
#6 {main}
CRITICAL - 2022-09-15 02:07:11 --> The original file is not a valid file.
#0 C:\xampp\htdocs\belajar\system\HTTP\Files\UploadedFile.php(137): CodeIgniter\HTTP\Exceptions\HTTPException::forInvalidFile()
#1 C:\xampp\htdocs\belajar\app\Controllers\Admin.php(71): CodeIgniter\HTTP\Files\UploadedFile->move('C:\\xampp\\htdocs...')
#2 C:\xampp\htdocs\belajar\system\CodeIgniter.php(824): App\Controllers\Admin->edit('20')
#3 C:\xampp\htdocs\belajar\system\CodeIgniter.php(410): CodeIgniter\CodeIgniter->runController(Object(App\Controllers\Admin))
#4 C:\xampp\htdocs\belajar\system\CodeIgniter.php(318): CodeIgniter\CodeIgniter->handleRequest(NULL, Object(Config\Cache), false)
#5 C:\xampp\htdocs\belajar\public\index.php(37): CodeIgniter\CodeIgniter->run()
#6 {main}
CRITICAL - 2022-09-15 02:09:30 --> The original file is not a valid file.
#0 C:\xampp\htdocs\belajar\system\HTTP\Files\UploadedFile.php(137): CodeIgniter\HTTP\Exceptions\HTTPException::forInvalidFile()
#1 C:\xampp\htdocs\belajar\app\Controllers\Admin.php(68): CodeIgniter\HTTP\Files\UploadedFile->move('C:\\xampp\\htdocs...')
#2 C:\xampp\htdocs\belajar\system\CodeIgniter.php(824): App\Controllers\Admin->edit('20')
#3 C:\xampp\htdocs\belajar\system\CodeIgniter.php(410): CodeIgniter\CodeIgniter->runController(Object(App\Controllers\Admin))
#4 C:\xampp\htdocs\belajar\system\CodeIgniter.php(318): CodeIgniter\CodeIgniter->handleRequest(NULL, Object(Config\Cache), false)
#5 C:\xampp\htdocs\belajar\public\index.php(37): CodeIgniter\CodeIgniter->run()
#6 {main}
CRITICAL - 2022-09-15 02:16:12 --> Trying to get property 'gambar' of non-object
#0 C:\xampp\htdocs\belajar\app\Views\admin_edit.php(35): CodeIgniter\Debug\Exceptions->errorHandler(8, 'Trying to get p...', 'C:\\xampp\\htdocs...', 35, Array)
#1 C:\xampp\htdocs\belajar\system\View\View.php(214): include('C:\\xampp\\htdocs...')
#2 C:\xampp\htdocs\belajar\system\View\View.php(217): CodeIgniter\View\View->CodeIgniter\View\{closure}()
#3 C:\xampp\htdocs\belajar\system\Common.php(1097): CodeIgniter\View\View->render('admin_edit', Array, true)
#4 C:\xampp\htdocs\belajar\app\Controllers\Admin.php(78): view('admin_edit', Array)
#5 C:\xampp\htdocs\belajar\system\CodeIgniter.php(824): App\Controllers\Admin->edit('20')
#6 C:\xampp\htdocs\belajar\system\CodeIgniter.php(410): CodeIgniter\CodeIgniter->runController(Object(App\Controllers\Admin))
#7 C:\xampp\htdocs\belajar\system\CodeIgniter.php(318): CodeIgniter\CodeIgniter->handleRequest(NULL, Object(Config\Cache), false)
#8 C:\xampp\htdocs\belajar\public\index.php(37): CodeIgniter\CodeIgniter->run()
#9 {main}
CRITICAL - 2022-09-15 02:30:33 --> Undefined index: gambar
#0 C:\xampp\htdocs\belajar\app\Controllers\Admin.php(63): CodeIgniter\Debug\Exceptions->errorHandler(8, 'Undefined index...', 'C:\\xampp\\htdocs...', 63, Array)
#1 C:\xampp\htdocs\belajar\system\CodeIgniter.php(824): App\Controllers\Admin->edit('20')
#2 C:\xampp\htdocs\belajar\system\CodeIgniter.php(410): CodeIgniter\CodeIgniter->runController(Object(App\Controllers\Admin))
#3 C:\xampp\htdocs\belajar\system\CodeIgniter.php(318): CodeIgniter\CodeIgniter->handleRequest(NULL, Object(Config\Cache), false)
#4 C:\xampp\htdocs\belajar\public\index.php(37): CodeIgniter\CodeIgniter->run()
#5 {main}
CRITICAL - 2022-09-15 02:31:20 --> Argument 1 passed to CodeIgniter\Validation\Validation::setRules() must be of the type array, bool given, called in C:\xampp\htdocs\belajar\app\Controllers\Admin.php on line 64
#0 C:\xampp\htdocs\belajar\app\Controllers\Admin.php(64): CodeIgniter\Validation\Validation->setRules(true)
#1 C:\xampp\htdocs\belajar\system\CodeIgniter.php(824): App\Controllers\Admin->edit('20')
#2 C:\xampp\htdocs\belajar\system\CodeIgniter.php(410): CodeIgniter\CodeIgniter->runController(Object(App\Controllers\Admin))
#3 C:\xampp\htdocs\belajar\system\CodeIgniter.php(318): CodeIgniter\CodeIgniter->handleRequest(NULL, Object(Config\Cache), false)
#4 C:\xampp\htdocs\belajar\public\index.php(37): CodeIgniter\CodeIgniter->run()
#5 {main}
CRITICAL - 2022-09-15 02:32:13 --> ../public/img/Sunset-Anime-Scenery-Wallpaper-Hd-Anime-Desktop-.jpg is not a valid rule.
#0 C:\xampp\htdocs\belajar\system\Validation\Validation.php(285): CodeIgniter\Validation\Exceptions\ValidationException::forRuleNotFound('../public/img/S...')
#1 C:\xampp\htdocs\belajar\system\Validation\Validation.php(151): CodeIgniter\Validation\Validation->processRules('file_exists', 'file_exists', NULL, Array, Array)
#2 C:\xampp\htdocs\belajar\app\Controllers\Admin.php(66): CodeIgniter\Validation\Validation->run()
#3 C:\xampp\htdocs\belajar\system\CodeIgniter.php(824): App\Controllers\Admin->edit('20')
#4 C:\xampp\htdocs\belajar\system\CodeIgniter.php(410): CodeIgniter\CodeIgniter->runController(Object(App\Controllers\Admin))
#5 C:\xampp\htdocs\belajar\system\CodeIgniter.php(318): CodeIgniter\CodeIgniter->handleRequest(NULL, Object(Config\Cache), false)
#6 C:\xampp\htdocs\belajar\public\index.php(37): CodeIgniter\CodeIgniter->run()
#7 {main}
CRITICAL - 2022-09-15 02:36:02 --> ../public/img/Sunset-Anime-Scenery-Wallpaper-Hd-Anime-Desktop-.jpg is not a valid rule.
#0 C:\xampp\htdocs\belajar\system\Validation\Validation.php(285): CodeIgniter\Validation\Exceptions\ValidationException::forRuleNotFound('../public/img/S...')
#1 C:\xampp\htdocs\belajar\system\Validation\Validation.php(151): CodeIgniter\Validation\Validation->processRules('file_exists', 'file_exists', NULL, Array, Array)
#2 C:\xampp\htdocs\belajar\app\Controllers\Admin.php(66): CodeIgniter\Validation\Validation->run()
#3 C:\xampp\htdocs\belajar\system\CodeIgniter.php(824): App\Controllers\Admin->edit('20')
#4 C:\xampp\htdocs\belajar\system\CodeIgniter.php(410): CodeIgniter\CodeIgniter->runController(Object(App\Controllers\Admin))
#5 C:\xampp\htdocs\belajar\system\CodeIgniter.php(318): CodeIgniter\CodeIgniter->handleRequest(NULL, Object(Config\Cache), false)
#6 C:\xampp\htdocs\belajar\public\index.php(37): CodeIgniter\CodeIgniter->run()
#7 {main}
CRITICAL - 2022-09-15 02:37:05 --> Undefined variable: belajar
#0 C:\xampp\htdocs\belajar\app\Views\admin_edit.php(16): CodeIgniter\Debug\Exceptions->errorHandler(8, 'Undefined varia...', 'C:\\xampp\\htdocs...', 16, Array)
#1 C:\xampp\htdocs\belajar\system\View\View.php(214): include('C:\\xampp\\htdocs...')
#2 C:\xampp\htdocs\belajar\system\View\View.php(217): CodeIgniter\View\View->CodeIgniter\View\{closure}()
#3 C:\xampp\htdocs\belajar\system\Common.php(1097): CodeIgniter\View\View->render('admin_edit', Array, true)
#4 C:\xampp\htdocs\belajar\app\Controllers\Admin.php(82): view('admin_edit', Array)
#5 C:\xampp\htdocs\belajar\system\CodeIgniter.php(824): App\Controllers\Admin->edit('20')
#6 C:\xampp\htdocs\belajar\system\CodeIgniter.php(410): CodeIgniter\CodeIgniter->runController(Object(App\Controllers\Admin))
#7 C:\xampp\htdocs\belajar\system\CodeIgniter.php(318): CodeIgniter\CodeIgniter->handleRequest(NULL, Object(Config\Cache), false)
#8 C:\xampp\htdocs\belajar\public\index.php(37): CodeIgniter\CodeIgniter->run()
#9 {main}
CRITICAL - 2022-09-15 02:37:52 --> Undefined variable: belajar
#0 C:\xampp\htdocs\belajar\app\Views\admin_edit.php(18): CodeIgniter\Debug\Exceptions->errorHandler(8, 'Undefined varia...', 'C:\\xampp\\htdocs...', 18, Array)
#1 C:\xampp\htdocs\belajar\system\View\View.php(214): include('C:\\xampp\\htdocs...')
#2 C:\xampp\htdocs\belajar\system\View\View.php(217): CodeIgniter\View\View->CodeIgniter\View\{closure}()
#3 C:\xampp\htdocs\belajar\system\Common.php(1097): CodeIgniter\View\View->render('admin_edit', Array, true)
#4 C:\xampp\htdocs\belajar\app\Controllers\Admin.php(82): view('admin_edit', Array)
#5 C:\xampp\htdocs\belajar\system\CodeIgniter.php(824): App\Controllers\Admin->edit('20')
#6 C:\xampp\htdocs\belajar\system\CodeIgniter.php(410): CodeIgniter\CodeIgniter->runController(Object(App\Controllers\Admin))
#7 C:\xampp\htdocs\belajar\system\CodeIgniter.php(318): CodeIgniter\CodeIgniter->handleRequest(NULL, Object(Config\Cache), false)
#8 C:\xampp\htdocs\belajar\public\index.php(37): CodeIgniter\CodeIgniter->run()
#9 {main}
CRITICAL - 2022-09-15 02:38:40 --> ../public/img/Sunset-Anime-Scenery-Wallpaper-Hd-Anime-Desktop-.jpg is not a valid rule.
#0 C:\xampp\htdocs\belajar\system\Validation\Validation.php(285): CodeIgniter\Validation\Exceptions\ValidationException::forRuleNotFound('../public/img/S...')
#1 C:\xampp\htdocs\belajar\system\Validation\Validation.php(151): CodeIgniter\Validation\Validation->processRules('file_exists', 'file_exists', NULL, Array, Array)
#2 C:\xampp\htdocs\belajar\system\Controller.php(160): CodeIgniter\Validation\Validation->run()
#3 C:\xampp\htdocs\belajar\app\Controllers\Admin.php(69): CodeIgniter\Controller->validate(Array)
#4 C:\xampp\htdocs\belajar\system\CodeIgniter.php(824): App\Controllers\Admin->edit('20')
#5 C:\xampp\htdocs\belajar\system\CodeIgniter.php(410): CodeIgniter\CodeIgniter->runController(Object(App\Controllers\Admin))
#6 C:\xampp\htdocs\belajar\system\CodeIgniter.php(318): CodeIgniter\CodeIgniter->handleRequest(NULL, Object(Config\Cache), false)
#7 C:\xampp\htdocs\belajar\public\index.php(37): CodeIgniter\CodeIgniter->run()
#8 {main}
CRITICAL - 2022-09-15 02:39:04 --> Argument 1 passed to CodeIgniter\Validation\Validation::setRules() must be of the type array, bool given, called in C:\xampp\htdocs\belajar\system\Controller.php on line 160
#0 C:\xampp\htdocs\belajar\system\Controller.php(160): CodeIgniter\Validation\Validation->setRules(true, Array)
#1 C:\xampp\htdocs\belajar\app\Controllers\Admin.php(69): CodeIgniter\Controller->validate(true)
#2 C:\xampp\htdocs\belajar\system\CodeIgniter.php(824): App\Controllers\Admin->edit('20')
#3 C:\xampp\htdocs\belajar\system\CodeIgniter.php(410): CodeIgniter\CodeIgniter->runController(Object(App\Controllers\Admin))
#4 C:\xampp\htdocs\belajar\system\CodeIgniter.php(318): CodeIgniter\CodeIgniter->handleRequest(NULL, Object(Config\Cache), false)
#5 C:\xampp\htdocs\belajar\public\index.php(37): CodeIgniter\CodeIgniter->run()
#6 {main}
