CRITICAL - 2022-09-24 01:33:31 --> syntax error, unexpected ')', expecting ']'
#0 C:\xampp\htdocs\belajar\system\Autoloader\Autoloader.php(241): CodeIgniter\Autoloader\Autoloader->includeFile('C:\\xampp\\htdocs...')
#1 C:\xampp\htdocs\belajar\system\Autoloader\Autoloader.php(219): CodeIgniter\Autoloader\Autoloader->loadInNamespace('App\\Models\\Sear...')
#2 [internal function]: CodeIgniter\Autoloader\Autoloader->loadClass('App\\Models\\Sear...')
#3 C:\xampp\htdocs\belajar\app\Controllers\Home.php(44): spl_autoload_call('App\\Models\\Sear...')
#4 C:\xampp\htdocs\belajar\system\CodeIgniter.php(824): App\Controllers\Home->search()
#5 C:\xampp\htdocs\belajar\system\CodeIgniter.php(410): CodeIgniter\CodeIgniter->runController(Object(App\Controllers\Home))
#6 C:\xampp\htdocs\belajar\system\CodeIgniter.php(318): CodeIgniter\CodeIgniter->handleRequest(NULL, Object(Config\Cache), false)
#7 C:\xampp\htdocs\belajar\public\index.php(37): CodeIgniter\CodeIgniter->run()
#8 {main}
CRITICAL - 2022-09-24 01:51:30 --> Undefined index: slug
#0 C:\xampp\htdocs\belajar\app\Views\search.php(35): CodeIgniter\Debug\Exceptions->errorHandler(8, 'Undefined index...', 'C:\\xampp\\htdocs...', 35, Array)
#1 C:\xampp\htdocs\belajar\system\View\View.php(214): include('C:\\xampp\\htdocs...')
#2 C:\xampp\htdocs\belajar\system\View\View.php(217): CodeIgniter\View\View->CodeIgniter\View\{closure}()
#3 C:\xampp\htdocs\belajar\system\Common.php(1097): CodeIgniter\View\View->render('search', Array, true)
#4 C:\xampp\htdocs\belajar\app\Controllers\Home.php(58): view('search', Array)
#5 C:\xampp\htdocs\belajar\system\CodeIgniter.php(824): App\Controllers\Home->search()
#6 C:\xampp\htdocs\belajar\system\CodeIgniter.php(410): CodeIgniter\CodeIgniter->runController(Object(App\Controllers\Home))
#7 C:\xampp\htdocs\belajar\system\CodeIgniter.php(318): CodeIgniter\CodeIgniter->handleRequest(NULL, Object(Config\Cache), false)
#8 C:\xampp\htdocs\belajar\public\index.php(37): CodeIgniter\CodeIgniter->run()
#9 {main}
CRITICAL - 2022-09-24 02:07:07 --> Undefined variable: page
#0 C:\xampp\htdocs\belajar\app\Views\search.php(33): CodeIgniter\Debug\Exceptions->errorHandler(8, 'Undefined varia...', 'C:\\xampp\\htdocs...', 33, Array)
#1 C:\xampp\htdocs\belajar\system\View\View.php(214): include('C:\\xampp\\htdocs...')
#2 C:\xampp\htdocs\belajar\system\View\View.php(217): CodeIgniter\View\View->CodeIgniter\View\{closure}()
#3 C:\xampp\htdocs\belajar\system\Common.php(1097): CodeIgniter\View\View->render('search', Array, true)
#4 C:\xampp\htdocs\belajar\app\Controllers\Home.php(47): view('search', Array)
#5 C:\xampp\htdocs\belajar\system\CodeIgniter.php(824): App\Controllers\Home->search()
#6 C:\xampp\htdocs\belajar\system\CodeIgniter.php(410): CodeIgniter\CodeIgniter->runController(Object(App\Controllers\Home))
#7 C:\xampp\htdocs\belajar\system\CodeIgniter.php(318): CodeIgniter\CodeIgniter->handleRequest(NULL, Object(Config\Cache), false)
#8 C:\xampp\htdocs\belajar\public\index.php(37): CodeIgniter\CodeIgniter->run()
#9 {main}
CRITICAL - 2022-09-24 02:09:49 --> Undefined variable: belajar
#0 C:\xampp\htdocs\belajar\app\Views\search.php(33): CodeIgniter\Debug\Exceptions->errorHandler(8, 'Undefined varia...', 'C:\\xampp\\htdocs...', 33, Array)
#1 C:\xampp\htdocs\belajar\system\View\View.php(214): include('C:\\xampp\\htdocs...')
#2 C:\xampp\htdocs\belajar\system\View\View.php(217): CodeIgniter\View\View->CodeIgniter\View\{closure}()
#3 C:\xampp\htdocs\belajar\system\Common.php(1097): CodeIgniter\View\View->render('search', Array, true)
#4 C:\xampp\htdocs\belajar\app\Controllers\Home.php(47): view('search', Array)
#5 C:\xampp\htdocs\belajar\system\CodeIgniter.php(824): App\Controllers\Home->search()
#6 C:\xampp\htdocs\belajar\system\CodeIgniter.php(410): CodeIgniter\CodeIgniter->runController(Object(App\Controllers\Home))
#7 C:\xampp\htdocs\belajar\system\CodeIgniter.php(318): CodeIgniter\CodeIgniter->handleRequest(NULL, Object(Config\Cache), false)
#8 C:\xampp\htdocs\belajar\public\index.php(37): CodeIgniter\CodeIgniter->run()
#9 {main}
CRITICAL - 2022-09-24 02:10:27 --> Undefined variable: belajar
#0 C:\xampp\htdocs\belajar\app\Views\search.php(33): CodeIgniter\Debug\Exceptions->errorHandler(8, 'Undefined varia...', 'C:\\xampp\\htdocs...', 33, Array)
#1 C:\xampp\htdocs\belajar\system\View\View.php(214): include('C:\\xampp\\htdocs...')
#2 C:\xampp\htdocs\belajar\system\View\View.php(217): CodeIgniter\View\View->CodeIgniter\View\{closure}()
#3 C:\xampp\htdocs\belajar\system\Common.php(1097): CodeIgniter\View\View->render('search', Array, true)
#4 C:\xampp\htdocs\belajar\app\Controllers\Home.php(47): view('search', Array)
#5 C:\xampp\htdocs\belajar\system\CodeIgniter.php(824): App\Controllers\Home->search()
#6 C:\xampp\htdocs\belajar\system\CodeIgniter.php(410): CodeIgniter\CodeIgniter->runController(Object(App\Controllers\Home))
#7 C:\xampp\htdocs\belajar\system\CodeIgniter.php(318): CodeIgniter\CodeIgniter->handleRequest(NULL, Object(Config\Cache), false)
#8 C:\xampp\htdocs\belajar\public\index.php(37): CodeIgniter\CodeIgniter->run()
#9 {main}
CRITICAL - 2022-09-24 02:11:52 --> count(): Parameter must be an array or an object that implements Countable
#0 C:\xampp\htdocs\belajar\app\Views\search.php(33): CodeIgniter\Debug\Exceptions->errorHandler(2, 'count(): Parame...', 'C:\\xampp\\htdocs...', 33, Array)
#1 C:\xampp\htdocs\belajar\system\View\View.php(214): include('C:\\xampp\\htdocs...')
#2 C:\xampp\htdocs\belajar\system\View\View.php(217): CodeIgniter\View\View->CodeIgniter\View\{closure}()
#3 C:\xampp\htdocs\belajar\system\Common.php(1097): CodeIgniter\View\View->render('search', Array, true)
#4 C:\xampp\htdocs\belajar\app\Controllers\Home.php(47): view('search', Array)
#5 C:\xampp\htdocs\belajar\system\CodeIgniter.php(824): App\Controllers\Home->search()
#6 C:\xampp\htdocs\belajar\system\CodeIgniter.php(410): CodeIgniter\CodeIgniter->runController(Object(App\Controllers\Home))
#7 C:\xampp\htdocs\belajar\system\CodeIgniter.php(318): CodeIgniter\CodeIgniter->handleRequest(NULL, Object(Config\Cache), false)
#8 C:\xampp\htdocs\belajar\public\index.php(37): CodeIgniter\CodeIgniter->run()
#9 {main}
CRITICAL - 2022-09-24 02:12:46 --> Invalid argument supplied for foreach()
#0 C:\xampp\htdocs\belajar\app\Views\search.php(34): CodeIgniter\Debug\Exceptions->errorHandler(2, 'Invalid argumen...', 'C:\\xampp\\htdocs...', 34, Array)
#1 C:\xampp\htdocs\belajar\system\View\View.php(214): include('C:\\xampp\\htdocs...')
#2 C:\xampp\htdocs\belajar\system\View\View.php(217): CodeIgniter\View\View->CodeIgniter\View\{closure}()
#3 C:\xampp\htdocs\belajar\system\Common.php(1097): CodeIgniter\View\View->render('search', Array, true)
#4 C:\xampp\htdocs\belajar\app\Controllers\Home.php(47): view('search', Array)
#5 C:\xampp\htdocs\belajar\system\CodeIgniter.php(824): App\Controllers\Home->search()
#6 C:\xampp\htdocs\belajar\system\CodeIgniter.php(410): CodeIgniter\CodeIgniter->runController(Object(App\Controllers\Home))
#7 C:\xampp\htdocs\belajar\system\CodeIgniter.php(318): CodeIgniter\CodeIgniter->handleRequest(NULL, Object(Config\Cache), false)
#8 C:\xampp\htdocs\belajar\public\index.php(37): CodeIgniter\CodeIgniter->run()
#9 {main}
CRITICAL - 2022-09-24 02:13:03 --> Undefined variable: belajar
#0 C:\xampp\htdocs\belajar\app\Views\search.php(33): CodeIgniter\Debug\Exceptions->errorHandler(8, 'Undefined varia...', 'C:\\xampp\\htdocs...', 33, Array)
#1 C:\xampp\htdocs\belajar\system\View\View.php(214): include('C:\\xampp\\htdocs...')
#2 C:\xampp\htdocs\belajar\system\View\View.php(217): CodeIgniter\View\View->CodeIgniter\View\{closure}()
#3 C:\xampp\htdocs\belajar\system\Common.php(1097): CodeIgniter\View\View->render('search', Array, true)
#4 C:\xampp\htdocs\belajar\app\Controllers\Home.php(47): view('search', Array)
#5 C:\xampp\htdocs\belajar\system\CodeIgniter.php(824): App\Controllers\Home->search()
#6 C:\xampp\htdocs\belajar\system\CodeIgniter.php(410): CodeIgniter\CodeIgniter->runController(Object(App\Controllers\Home))
#7 C:\xampp\htdocs\belajar\system\CodeIgniter.php(318): CodeIgniter\CodeIgniter->handleRequest(NULL, Object(Config\Cache), false)
#8 C:\xampp\htdocs\belajar\public\index.php(37): CodeIgniter\CodeIgniter->run()
#9 {main}
CRITICAL - 2022-09-24 02:13:17 --> Invalid argument supplied for foreach()
#0 C:\xampp\htdocs\belajar\app\Views\search.php(34): CodeIgniter\Debug\Exceptions->errorHandler(2, 'Invalid argumen...', 'C:\\xampp\\htdocs...', 34, Array)
#1 C:\xampp\htdocs\belajar\system\View\View.php(214): include('C:\\xampp\\htdocs...')
#2 C:\xampp\htdocs\belajar\system\View\View.php(217): CodeIgniter\View\View->CodeIgniter\View\{closure}()
#3 C:\xampp\htdocs\belajar\system\Common.php(1097): CodeIgniter\View\View->render('search', Array, true)
#4 C:\xampp\htdocs\belajar\app\Controllers\Home.php(47): view('search', Array)
#5 C:\xampp\htdocs\belajar\system\CodeIgniter.php(824): App\Controllers\Home->search()
#6 C:\xampp\htdocs\belajar\system\CodeIgniter.php(410): CodeIgniter\CodeIgniter->runController(Object(App\Controllers\Home))
#7 C:\xampp\htdocs\belajar\system\CodeIgniter.php(318): CodeIgniter\CodeIgniter->handleRequest(NULL, Object(Config\Cache), false)
#8 C:\xampp\htdocs\belajar\public\index.php(37): CodeIgniter\CodeIgniter->run()
#9 {main}
CRITICAL - 2022-09-24 02:13:42 --> count(): Parameter must be an array or an object that implements Countable
#0 C:\xampp\htdocs\belajar\app\Views\search.php(33): CodeIgniter\Debug\Exceptions->errorHandler(2, 'count(): Parame...', 'C:\\xampp\\htdocs...', 33, Array)
#1 C:\xampp\htdocs\belajar\system\View\View.php(214): include('C:\\xampp\\htdocs...')
#2 C:\xampp\htdocs\belajar\system\View\View.php(217): CodeIgniter\View\View->CodeIgniter\View\{closure}()
#3 C:\xampp\htdocs\belajar\system\Common.php(1097): CodeIgniter\View\View->render('search', Array, true)
#4 C:\xampp\htdocs\belajar\app\Controllers\Home.php(47): view('search', Array)
#5 C:\xampp\htdocs\belajar\system\CodeIgniter.php(824): App\Controllers\Home->search()
#6 C:\xampp\htdocs\belajar\system\CodeIgniter.php(410): CodeIgniter\CodeIgniter->runController(Object(App\Controllers\Home))
#7 C:\xampp\htdocs\belajar\system\CodeIgniter.php(318): CodeIgniter\CodeIgniter->handleRequest(NULL, Object(Config\Cache), false)
#8 C:\xampp\htdocs\belajar\public\index.php(37): CodeIgniter\CodeIgniter->run()
#9 {main}
CRITICAL - 2022-09-24 02:13:50 --> Invalid argument supplied for foreach()
#0 C:\xampp\htdocs\belajar\app\Views\search.php(34): CodeIgniter\Debug\Exceptions->errorHandler(2, 'Invalid argumen...', 'C:\\xampp\\htdocs...', 34, Array)
#1 C:\xampp\htdocs\belajar\system\View\View.php(214): include('C:\\xampp\\htdocs...')
#2 C:\xampp\htdocs\belajar\system\View\View.php(217): CodeIgniter\View\View->CodeIgniter\View\{closure}()
#3 C:\xampp\htdocs\belajar\system\Common.php(1097): CodeIgniter\View\View->render('search', Array, true)
#4 C:\xampp\htdocs\belajar\app\Controllers\Home.php(47): view('search', Array)
#5 C:\xampp\htdocs\belajar\system\CodeIgniter.php(824): App\Controllers\Home->search()
#6 C:\xampp\htdocs\belajar\system\CodeIgniter.php(410): CodeIgniter\CodeIgniter->runController(Object(App\Controllers\Home))
#7 C:\xampp\htdocs\belajar\system\CodeIgniter.php(318): CodeIgniter\CodeIgniter->handleRequest(NULL, Object(Config\Cache), false)
#8 C:\xampp\htdocs\belajar\public\index.php(37): CodeIgniter\CodeIgniter->run()
#9 {main}
CRITICAL - 2022-09-24 02:16:54 --> Argument 2 passed to view() must be of the type array, null given, called in C:\xampp\htdocs\belajar\app\Controllers\Home.php on line 47
#0 C:\xampp\htdocs\belajar\app\Controllers\Home.php(47): view('search', NULL)
#1 C:\xampp\htdocs\belajar\system\CodeIgniter.php(824): App\Controllers\Home->search()
#2 C:\xampp\htdocs\belajar\system\CodeIgniter.php(410): CodeIgniter\CodeIgniter->runController(Object(App\Controllers\Home))
#3 C:\xampp\htdocs\belajar\system\CodeIgniter.php(318): CodeIgniter\CodeIgniter->handleRequest(NULL, Object(Config\Cache), false)
#4 C:\xampp\htdocs\belajar\public\index.php(37): CodeIgniter\CodeIgniter->run()
#5 {main}
CRITICAL - 2022-09-24 02:17:33 --> Undefined variable: data
#0 C:\xampp\htdocs\belajar\app\Views\search.php(33): CodeIgniter\Debug\Exceptions->errorHandler(8, 'Undefined varia...', 'C:\\xampp\\htdocs...', 33, Array)
#1 C:\xampp\htdocs\belajar\system\View\View.php(214): include('C:\\xampp\\htdocs...')
#2 C:\xampp\htdocs\belajar\system\View\View.php(217): CodeIgniter\View\View->CodeIgniter\View\{closure}()
#3 C:\xampp\htdocs\belajar\system\Common.php(1097): CodeIgniter\View\View->render('search', Array, true)
#4 C:\xampp\htdocs\belajar\app\Controllers\Home.php(47): view('search', Array)
#5 C:\xampp\htdocs\belajar\system\CodeIgniter.php(824): App\Controllers\Home->search()
#6 C:\xampp\htdocs\belajar\system\CodeIgniter.php(410): CodeIgniter\CodeIgniter->runController(Object(App\Controllers\Home))
#7 C:\xampp\htdocs\belajar\system\CodeIgniter.php(318): CodeIgniter\CodeIgniter->handleRequest(NULL, Object(Config\Cache), false)
#8 C:\xampp\htdocs\belajar\public\index.php(37): CodeIgniter\CodeIgniter->run()
#9 {main}
CRITICAL - 2022-09-24 02:19:05 --> Undefined index: slug
#0 C:\xampp\htdocs\belajar\app\Views\search.php(36): CodeIgniter\Debug\Exceptions->errorHandler(8, 'Undefined index...', 'C:\\xampp\\htdocs...', 36, Array)
#1 C:\xampp\htdocs\belajar\system\View\View.php(214): include('C:\\xampp\\htdocs...')
#2 C:\xampp\htdocs\belajar\system\View\View.php(217): CodeIgniter\View\View->CodeIgniter\View\{closure}()
#3 C:\xampp\htdocs\belajar\system\Common.php(1097): CodeIgniter\View\View->render('search', Array, true)
#4 C:\xampp\htdocs\belajar\app\Controllers\Home.php(47): view('search', Array)
#5 C:\xampp\htdocs\belajar\system\CodeIgniter.php(824): App\Controllers\Home->search()
#6 C:\xampp\htdocs\belajar\system\CodeIgniter.php(410): CodeIgniter\CodeIgniter->runController(Object(App\Controllers\Home))
#7 C:\xampp\htdocs\belajar\system\CodeIgniter.php(318): CodeIgniter\CodeIgniter->handleRequest(NULL, Object(Config\Cache), false)
#8 C:\xampp\htdocs\belajar\public\index.php(37): CodeIgniter\CodeIgniter->run()
#9 {main}
CRITICAL - 2022-09-24 02:19:49 --> Use of undefined constant slug - assumed 'slug' (this will throw an Error in a future version of PHP)
#0 C:\xampp\htdocs\belajar\app\Views\search.php(36): CodeIgniter\Debug\Exceptions->errorHandler(2, 'Use of undefine...', 'C:\\xampp\\htdocs...', 36, Array)
#1 C:\xampp\htdocs\belajar\system\View\View.php(214): include('C:\\xampp\\htdocs...')
#2 C:\xampp\htdocs\belajar\system\View\View.php(217): CodeIgniter\View\View->CodeIgniter\View\{closure}()
#3 C:\xampp\htdocs\belajar\system\Common.php(1097): CodeIgniter\View\View->render('search', Array, true)
#4 C:\xampp\htdocs\belajar\app\Controllers\Home.php(47): view('search', Array)
#5 C:\xampp\htdocs\belajar\system\CodeIgniter.php(824): App\Controllers\Home->search()
#6 C:\xampp\htdocs\belajar\system\CodeIgniter.php(410): CodeIgniter\CodeIgniter->runController(Object(App\Controllers\Home))
#7 C:\xampp\htdocs\belajar\system\CodeIgniter.php(318): CodeIgniter\CodeIgniter->handleRequest(NULL, Object(Config\Cache), false)
#8 C:\xampp\htdocs\belajar\public\index.php(37): CodeIgniter\CodeIgniter->run()
#9 {main}
CRITICAL - 2022-09-24 02:20:05 --> Function name must be a string
#0 C:\xampp\htdocs\belajar\system\View\View.php(214): include()
#1 C:\xampp\htdocs\belajar\system\View\View.php(217): CodeIgniter\View\View->CodeIgniter\View\{closure}()
#2 C:\xampp\htdocs\belajar\system\Common.php(1097): CodeIgniter\View\View->render('search', Array, true)
#3 C:\xampp\htdocs\belajar\app\Controllers\Home.php(47): view('search', Array)
#4 C:\xampp\htdocs\belajar\system\CodeIgniter.php(824): App\Controllers\Home->search()
#5 C:\xampp\htdocs\belajar\system\CodeIgniter.php(410): CodeIgniter\CodeIgniter->runController(Object(App\Controllers\Home))
#6 C:\xampp\htdocs\belajar\system\CodeIgniter.php(318): CodeIgniter\CodeIgniter->handleRequest(NULL, Object(Config\Cache), false)
#7 C:\xampp\htdocs\belajar\public\index.php(37): CodeIgniter\CodeIgniter->run()
#8 {main}
CRITICAL - 2022-09-24 02:20:35 --> Undefined index: slug
#0 C:\xampp\htdocs\belajar\app\Views\search.php(36): CodeIgniter\Debug\Exceptions->errorHandler(8, 'Undefined index...', 'C:\\xampp\\htdocs...', 36, Array)
#1 C:\xampp\htdocs\belajar\system\View\View.php(214): include('C:\\xampp\\htdocs...')
#2 C:\xampp\htdocs\belajar\system\View\View.php(217): CodeIgniter\View\View->CodeIgniter\View\{closure}()
#3 C:\xampp\htdocs\belajar\system\Common.php(1097): CodeIgniter\View\View->render('search', Array, true)
#4 C:\xampp\htdocs\belajar\app\Controllers\Home.php(47): view('search', Array)
#5 C:\xampp\htdocs\belajar\system\CodeIgniter.php(824): App\Controllers\Home->search()
#6 C:\xampp\htdocs\belajar\system\CodeIgniter.php(410): CodeIgniter\CodeIgniter->runController(Object(App\Controllers\Home))
#7 C:\xampp\htdocs\belajar\system\CodeIgniter.php(318): CodeIgniter\CodeIgniter->handleRequest(NULL, Object(Config\Cache), false)
#8 C:\xampp\htdocs\belajar\public\index.php(37): CodeIgniter\CodeIgniter->run()
#9 {main}
CRITICAL - 2022-09-24 02:21:04 --> Undefined index: slug
#0 C:\xampp\htdocs\belajar\app\Views\search.php(36): CodeIgniter\Debug\Exceptions->errorHandler(8, 'Undefined index...', 'C:\\xampp\\htdocs...', 36, Array)
#1 C:\xampp\htdocs\belajar\system\View\View.php(214): include('C:\\xampp\\htdocs...')
#2 C:\xampp\htdocs\belajar\system\View\View.php(217): CodeIgniter\View\View->CodeIgniter\View\{closure}()
#3 C:\xampp\htdocs\belajar\system\Common.php(1097): CodeIgniter\View\View->render('search', Array, true)
#4 C:\xampp\htdocs\belajar\app\Controllers\Home.php(47): view('search', Array)
#5 C:\xampp\htdocs\belajar\system\CodeIgniter.php(824): App\Controllers\Home->search()
#6 C:\xampp\htdocs\belajar\system\CodeIgniter.php(410): CodeIgniter\CodeIgniter->runController(Object(App\Controllers\Home))
#7 C:\xampp\htdocs\belajar\system\CodeIgniter.php(318): CodeIgniter\CodeIgniter->handleRequest(NULL, Object(Config\Cache), false)
#8 C:\xampp\htdocs\belajar\public\index.php(37): CodeIgniter\CodeIgniter->run()
#9 {main}
CRITICAL - 2022-09-24 02:21:06 --> Undefined index: slug
#0 C:\xampp\htdocs\belajar\app\Views\search.php(36): CodeIgniter\Debug\Exceptions->errorHandler(8, 'Undefined index...', 'C:\\xampp\\htdocs...', 36, Array)
#1 C:\xampp\htdocs\belajar\system\View\View.php(214): include('C:\\xampp\\htdocs...')
#2 C:\xampp\htdocs\belajar\system\View\View.php(217): CodeIgniter\View\View->CodeIgniter\View\{closure}()
#3 C:\xampp\htdocs\belajar\system\Common.php(1097): CodeIgniter\View\View->render('search', Array, true)
#4 C:\xampp\htdocs\belajar\app\Controllers\Home.php(47): view('search', Array)
#5 C:\xampp\htdocs\belajar\system\CodeIgniter.php(824): App\Controllers\Home->search()
#6 C:\xampp\htdocs\belajar\system\CodeIgniter.php(410): CodeIgniter\CodeIgniter->runController(Object(App\Controllers\Home))
#7 C:\xampp\htdocs\belajar\system\CodeIgniter.php(318): CodeIgniter\CodeIgniter->handleRequest(NULL, Object(Config\Cache), false)
#8 C:\xampp\htdocs\belajar\public\index.php(37): CodeIgniter\CodeIgniter->run()
#9 {main}
CRITICAL - 2022-09-24 02:21:18 --> Undefined index: judul
#0 C:\xampp\htdocs\belajar\app\Views\search.php(36): CodeIgniter\Debug\Exceptions->errorHandler(8, 'Undefined index...', 'C:\\xampp\\htdocs...', 36, Array)
#1 C:\xampp\htdocs\belajar\system\View\View.php(214): include('C:\\xampp\\htdocs...')
#2 C:\xampp\htdocs\belajar\system\View\View.php(217): CodeIgniter\View\View->CodeIgniter\View\{closure}()
#3 C:\xampp\htdocs\belajar\system\Common.php(1097): CodeIgniter\View\View->render('search', Array, true)
#4 C:\xampp\htdocs\belajar\app\Controllers\Home.php(47): view('search', Array)
#5 C:\xampp\htdocs\belajar\system\CodeIgniter.php(824): App\Controllers\Home->search()
#6 C:\xampp\htdocs\belajar\system\CodeIgniter.php(410): CodeIgniter\CodeIgniter->runController(Object(App\Controllers\Home))
#7 C:\xampp\htdocs\belajar\system\CodeIgniter.php(318): CodeIgniter\CodeIgniter->handleRequest(NULL, Object(Config\Cache), false)
#8 C:\xampp\htdocs\belajar\public\index.php(37): CodeIgniter\CodeIgniter->run()
#9 {main}
CRITICAL - 2022-09-24 02:22:00 --> Undefined index: slug
#0 C:\xampp\htdocs\belajar\app\Views\search.php(36): CodeIgniter\Debug\Exceptions->errorHandler(8, 'Undefined index...', 'C:\\xampp\\htdocs...', 36, Array)
#1 C:\xampp\htdocs\belajar\system\View\View.php(214): include('C:\\xampp\\htdocs...')
#2 C:\xampp\htdocs\belajar\system\View\View.php(217): CodeIgniter\View\View->CodeIgniter\View\{closure}()
#3 C:\xampp\htdocs\belajar\system\Common.php(1097): CodeIgniter\View\View->render('search', Array, true)
#4 C:\xampp\htdocs\belajar\app\Controllers\Home.php(47): view('search', Array)
#5 C:\xampp\htdocs\belajar\system\CodeIgniter.php(824): App\Controllers\Home->search()
#6 C:\xampp\htdocs\belajar\system\CodeIgniter.php(410): CodeIgniter\CodeIgniter->runController(Object(App\Controllers\Home))
#7 C:\xampp\htdocs\belajar\system\CodeIgniter.php(318): CodeIgniter\CodeIgniter->handleRequest(NULL, Object(Config\Cache), false)
#8 C:\xampp\htdocs\belajar\public\index.php(37): CodeIgniter\CodeIgniter->run()
#9 {main}
CRITICAL - 2022-09-24 02:22:30 --> Undefined index: content
#0 C:\xampp\htdocs\belajar\app\Views\search.php(37): CodeIgniter\Debug\Exceptions->errorHandler(8, 'Undefined index...', 'C:\\xampp\\htdocs...', 37, Array)
#1 C:\xampp\htdocs\belajar\system\View\View.php(214): include('C:\\xampp\\htdocs...')
#2 C:\xampp\htdocs\belajar\system\View\View.php(217): CodeIgniter\View\View->CodeIgniter\View\{closure}()
#3 C:\xampp\htdocs\belajar\system\Common.php(1097): CodeIgniter\View\View->render('search', Array, true)
#4 C:\xampp\htdocs\belajar\app\Controllers\Home.php(47): view('search', Array)
#5 C:\xampp\htdocs\belajar\system\CodeIgniter.php(824): App\Controllers\Home->search()
#6 C:\xampp\htdocs\belajar\system\CodeIgniter.php(410): CodeIgniter\CodeIgniter->runController(Object(App\Controllers\Home))
#7 C:\xampp\htdocs\belajar\system\CodeIgniter.php(318): CodeIgniter\CodeIgniter->handleRequest(NULL, Object(Config\Cache), false)
#8 C:\xampp\htdocs\belajar\public\index.php(37): CodeIgniter\CodeIgniter->run()
#9 {main}
CRITICAL - 2022-09-24 02:28:59 --> Undefined variable: key
#0 C:\xampp\htdocs\belajar\app\Controllers\Home.php(49): CodeIgniter\Debug\Exceptions->errorHandler(8, 'Undefined varia...', 'C:\\xampp\\htdocs...', 49, Array)
#1 C:\xampp\htdocs\belajar\system\CodeIgniter.php(824): App\Controllers\Home->search()
#2 C:\xampp\htdocs\belajar\system\CodeIgniter.php(410): CodeIgniter\CodeIgniter->runController(Object(App\Controllers\Home))
#3 C:\xampp\htdocs\belajar\system\CodeIgniter.php(318): CodeIgniter\CodeIgniter->handleRequest(NULL, Object(Config\Cache), false)
#4 C:\xampp\htdocs\belajar\public\index.php(37): CodeIgniter\CodeIgniter->run()
#5 {main}
CRITICAL - 2022-09-24 02:29:15 --> Undefined variable: key
#0 C:\xampp\htdocs\belajar\app\Controllers\Home.php(49): CodeIgniter\Debug\Exceptions->errorHandler(8, 'Undefined varia...', 'C:\\xampp\\htdocs...', 49, Array)
#1 C:\xampp\htdocs\belajar\system\CodeIgniter.php(824): App\Controllers\Home->search()
#2 C:\xampp\htdocs\belajar\system\CodeIgniter.php(410): CodeIgniter\CodeIgniter->runController(Object(App\Controllers\Home))
#3 C:\xampp\htdocs\belajar\system\CodeIgniter.php(318): CodeIgniter\CodeIgniter->handleRequest(NULL, Object(Config\Cache), false)
#4 C:\xampp\htdocs\belajar\public\index.php(37): CodeIgniter\CodeIgniter->run()
#5 {main}
CRITICAL - 2022-09-24 02:32:20 --> Undefined variable: data
#0 C:\xampp\htdocs\belajar\app\Views\search.php(33): CodeIgniter\Debug\Exceptions->errorHandler(8, 'Undefined varia...', 'C:\\xampp\\htdocs...', 33, Array)
#1 C:\xampp\htdocs\belajar\system\View\View.php(214): include('C:\\xampp\\htdocs...')
#2 C:\xampp\htdocs\belajar\system\View\View.php(217): CodeIgniter\View\View->CodeIgniter\View\{closure}()
#3 C:\xampp\htdocs\belajar\system\Common.php(1097): CodeIgniter\View\View->render('search', Array, true)
#4 C:\xampp\htdocs\belajar\app\Controllers\Home.php(58): view('search', Array)
#5 C:\xampp\htdocs\belajar\system\CodeIgniter.php(824): App\Controllers\Home->search()
#6 C:\xampp\htdocs\belajar\system\CodeIgniter.php(410): CodeIgniter\CodeIgniter->runController(Object(App\Controllers\Home))
#7 C:\xampp\htdocs\belajar\system\CodeIgniter.php(318): CodeIgniter\CodeIgniter->handleRequest(NULL, Object(Config\Cache), false)
#8 C:\xampp\htdocs\belajar\public\index.php(37): CodeIgniter\CodeIgniter->run()
#9 {main}
CRITICAL - 2022-09-24 02:32:45 --> Undefined variable: data
#0 C:\xampp\htdocs\belajar\app\Views\search.php(33): CodeIgniter\Debug\Exceptions->errorHandler(8, 'Undefined varia...', 'C:\\xampp\\htdocs...', 33, Array)
#1 C:\xampp\htdocs\belajar\system\View\View.php(214): include('C:\\xampp\\htdocs...')
#2 C:\xampp\htdocs\belajar\system\View\View.php(217): CodeIgniter\View\View->CodeIgniter\View\{closure}()
#3 C:\xampp\htdocs\belajar\system\Common.php(1097): CodeIgniter\View\View->render('search', Array, true)
#4 C:\xampp\htdocs\belajar\app\Controllers\Home.php(58): view('search', Array)
#5 C:\xampp\htdocs\belajar\system\CodeIgniter.php(824): App\Controllers\Home->search()
#6 C:\xampp\htdocs\belajar\system\CodeIgniter.php(410): CodeIgniter\CodeIgniter->runController(Object(App\Controllers\Home))
#7 C:\xampp\htdocs\belajar\system\CodeIgniter.php(318): CodeIgniter\CodeIgniter->handleRequest(NULL, Object(Config\Cache), false)
#8 C:\xampp\htdocs\belajar\public\index.php(37): CodeIgniter\CodeIgniter->run()
#9 {main}
CRITICAL - 2022-09-24 02:33:20 --> Undefined variable: data
#0 C:\xampp\htdocs\belajar\app\Views\search.php(34): CodeIgniter\Debug\Exceptions->errorHandler(8, 'Undefined varia...', 'C:\\xampp\\htdocs...', 34, Array)
#1 C:\xampp\htdocs\belajar\system\View\View.php(214): include('C:\\xampp\\htdocs...')
#2 C:\xampp\htdocs\belajar\system\View\View.php(217): CodeIgniter\View\View->CodeIgniter\View\{closure}()
#3 C:\xampp\htdocs\belajar\system\Common.php(1097): CodeIgniter\View\View->render('search', Array, true)
#4 C:\xampp\htdocs\belajar\app\Controllers\Home.php(58): view('search', Array)
#5 C:\xampp\htdocs\belajar\system\CodeIgniter.php(824): App\Controllers\Home->search()
#6 C:\xampp\htdocs\belajar\system\CodeIgniter.php(410): CodeIgniter\CodeIgniter->runController(Object(App\Controllers\Home))
#7 C:\xampp\htdocs\belajar\system\CodeIgniter.php(318): CodeIgniter\CodeIgniter->handleRequest(NULL, Object(Config\Cache), false)
#8 C:\xampp\htdocs\belajar\public\index.php(37): CodeIgniter\CodeIgniter->run()
#9 {main}
CRITICAL - 2022-09-24 02:35:00 --> Undefined variable: belajar
#0 C:\xampp\htdocs\belajar\app\Controllers\Home.php(58): CodeIgniter\Debug\Exceptions->errorHandler(8, 'Undefined varia...', 'C:\\xampp\\htdocs...', 58, Array)
#1 C:\xampp\htdocs\belajar\system\CodeIgniter.php(824): App\Controllers\Home->search()
#2 C:\xampp\htdocs\belajar\system\CodeIgniter.php(410): CodeIgniter\CodeIgniter->runController(Object(App\Controllers\Home))
#3 C:\xampp\htdocs\belajar\system\CodeIgniter.php(318): CodeIgniter\CodeIgniter->handleRequest(NULL, Object(Config\Cache), false)
#4 C:\xampp\htdocs\belajar\public\index.php(37): CodeIgniter\CodeIgniter->run()
#5 {main}
