CRITICAL - 2022-11-16 01:17:28 --> Invalid file: layout/page-layout.php
#0 C:\xampp\htdocs\belajar\system\View\View.php(198): CodeIgniter\Exceptions\FrameworkException::forInvalidFile('layout/page-lay...')
#1 C:\xampp\htdocs\belajar\system\View\View.php(230): CodeIgniter\View\View->render('layout/page-lay...', Array, true)
#2 C:\xampp\htdocs\belajar\system\Common.php(1097): CodeIgniter\View\View->render('about', Array, true)
#3 C:\xampp\htdocs\belajar\app\Controllers\Page.php(15): view('about')
#4 C:\xampp\htdocs\belajar\system\CodeIgniter.php(824): App\Controllers\Page->about()
#5 C:\xampp\htdocs\belajar\system\CodeIgniter.php(410): CodeIgniter\CodeIgniter->runController(Object(App\Controllers\Page))
#6 C:\xampp\htdocs\belajar\system\CodeIgniter.php(318): CodeIgniter\CodeIgniter->handleRequest(NULL, Object(Config\Cache), false)
#7 C:\xampp\htdocs\belajar\public\index.php(37): CodeIgniter\CodeIgniter->run()
#8 {main}
CRITICAL - 2022-11-16 01:17:45 --> Invalid file: layout/page-layout.php
#0 C:\xampp\htdocs\belajar\system\View\View.php(198): CodeIgniter\Exceptions\FrameworkException::forInvalidFile('layout/page-lay...')
#1 C:\xampp\htdocs\belajar\system\View\View.php(230): CodeIgniter\View\View->render('layout/page-lay...', Array, true)
#2 C:\xampp\htdocs\belajar\system\Common.php(1097): CodeIgniter\View\View->render('faqs', Array, true)
#3 C:\xampp\htdocs\belajar\app\Controllers\Page.php(25): view('faqs')
#4 C:\xampp\htdocs\belajar\system\CodeIgniter.php(824): App\Controllers\Page->faqs()
#5 C:\xampp\htdocs\belajar\system\CodeIgniter.php(410): CodeIgniter\CodeIgniter->runController(Object(App\Controllers\Page))
#6 C:\xampp\htdocs\belajar\system\CodeIgniter.php(318): CodeIgniter\CodeIgniter->handleRequest(NULL, Object(Config\Cache), false)
#7 C:\xampp\htdocs\belajar\public\index.php(37): CodeIgniter\CodeIgniter->run()
#8 {main}
CRITICAL - 2022-11-16 20:10:15 --> Undefined variable: limit
#0 C:\xampp\htdocs\belajar\app\Views\widget\billboard.php(5): CodeIgniter\Debug\Exceptions->errorHandler(8, 'Undefined varia...', 'C:\\xampp\\htdocs...', 5, Array)
#1 C:\xampp\htdocs\belajar\system\View\View.php(214): include('C:\\xampp\\htdocs...')
#2 C:\xampp\htdocs\belajar\system\View\View.php(217): CodeIgniter\View\View->CodeIgniter\View\{closure}()
#3 C:\xampp\htdocs\belajar\system\Common.php(1097): CodeIgniter\View\View->render('widget/billboar...', Array, true)
#4 C:\xampp\htdocs\belajar\app\Libraries\Billboard.php(7): view('widget/billboar...')
#5 C:\xampp\htdocs\belajar\system\View\Cell.php(105): App\Libraries\billboard->billboard()
#6 C:\xampp\htdocs\belajar\system\Common.php(1113): CodeIgniter\View\Cell->render('\\App\\Libraries\\...', NULL, 0, 'AppLibrariesBil...')
#7 C:\xampp\htdocs\belajar\app\Views\layout\billboard.php(1): view_cell('\\App\\Libraries\\...')
#8 C:\xampp\htdocs\belajar\system\View\View.php(214): include('C:\\xampp\\htdocs...')
#9 C:\xampp\htdocs\belajar\system\View\View.php(217): CodeIgniter\View\View->CodeIgniter\View\{closure}()
#10 C:\xampp\htdocs\belajar\system\View\View.php(432): CodeIgniter\View\View->render('layout/billboar...', NULL, true)
#11 C:\xampp\htdocs\belajar\app\Views\post.php(94): CodeIgniter\View\View->include('layout/billboar...')
#12 C:\xampp\htdocs\belajar\system\View\View.php(214): include('C:\\xampp\\htdocs...')
#13 C:\xampp\htdocs\belajar\system\View\View.php(217): CodeIgniter\View\View->CodeIgniter\View\{closure}()
#14 C:\xampp\htdocs\belajar\system\Common.php(1097): CodeIgniter\View\View->render('post', Array, true)
#15 C:\xampp\htdocs\belajar\app\Controllers\Home.php(34): view('post', Array)
#16 C:\xampp\htdocs\belajar\system\CodeIgniter.php(824): App\Controllers\Home->post('perjuangan-dan-...')
#17 C:\xampp\htdocs\belajar\system\CodeIgniter.php(410): CodeIgniter\CodeIgniter->runController(Object(App\Controllers\Home))
#18 C:\xampp\htdocs\belajar\system\CodeIgniter.php(318): CodeIgniter\CodeIgniter->handleRequest(NULL, Object(Config\Cache), false)
#19 C:\xampp\htdocs\belajar\public\index.php(37): CodeIgniter\CodeIgniter->run()
#20 {main}
CRITICAL - 2022-11-16 20:11:59 --> Undefined variable: limit
#0 C:\xampp\htdocs\belajar\app\Views\widget\billboard.php(5): CodeIgniter\Debug\Exceptions->errorHandler(8, 'Undefined varia...', 'C:\\xampp\\htdocs...', 5, Array)
#1 C:\xampp\htdocs\belajar\system\View\View.php(214): include('C:\\xampp\\htdocs...')
#2 C:\xampp\htdocs\belajar\system\View\View.php(217): CodeIgniter\View\View->CodeIgniter\View\{closure}()
#3 C:\xampp\htdocs\belajar\system\Common.php(1097): CodeIgniter\View\View->render('widget/billboar...', Array, true)
#4 C:\xampp\htdocs\belajar\app\Libraries\Billboard.php(7): view('widget/billboar...', Array)
#5 C:\xampp\htdocs\belajar\system\View\Cell.php(111): App\Libraries\billboard->billboard(Array)
#6 C:\xampp\htdocs\belajar\system\Common.php(1113): CodeIgniter\View\Cell->render('\\App\\Libraries\\...', NULL, 0, 'AppLibrariesBil...')
#7 C:\xampp\htdocs\belajar\app\Views\layout\billboard.php(1): view_cell('\\App\\Libraries\\...')
#8 C:\xampp\htdocs\belajar\system\View\View.php(214): include('C:\\xampp\\htdocs...')
#9 C:\xampp\htdocs\belajar\system\View\View.php(217): CodeIgniter\View\View->CodeIgniter\View\{closure}()
#10 C:\xampp\htdocs\belajar\system\View\View.php(432): CodeIgniter\View\View->render('layout/billboar...', NULL, true)
#11 C:\xampp\htdocs\belajar\app\Views\post.php(94): CodeIgniter\View\View->include('layout/billboar...')
#12 C:\xampp\htdocs\belajar\system\View\View.php(214): include('C:\\xampp\\htdocs...')
#13 C:\xampp\htdocs\belajar\system\View\View.php(217): CodeIgniter\View\View->CodeIgniter\View\{closure}()
#14 C:\xampp\htdocs\belajar\system\Common.php(1097): CodeIgniter\View\View->render('post', Array, true)
#15 C:\xampp\htdocs\belajar\app\Controllers\Home.php(34): view('post', Array)
#16 C:\xampp\htdocs\belajar\system\CodeIgniter.php(824): App\Controllers\Home->post('perjuangan-dan-...')
#17 C:\xampp\htdocs\belajar\system\CodeIgniter.php(410): CodeIgniter\CodeIgniter->runController(Object(App\Controllers\Home))
#18 C:\xampp\htdocs\belajar\system\CodeIgniter.php(318): CodeIgniter\CodeIgniter->handleRequest(NULL, Object(Config\Cache), false)
#19 C:\xampp\htdocs\belajar\public\index.php(37): CodeIgniter\CodeIgniter->run()
#20 {main}
