CRITICAL - 2022-09-30 22:20:07 --> There is no data to insert.
#0 C:\xampp\htdocs\belajar\system\BaseModel.php(718): CodeIgniter\Database\Exceptions\DataException::forEmptyDataset('insert')
#1 C:\xampp\htdocs\belajar\system\Model.php(620): CodeIgniter\BaseModel->insert(Array, true)
#2 C:\xampp\htdocs\belajar\app\Controllers\Message.php(19): CodeIgniter\Model->insert(Array)
#3 C:\xampp\htdocs\belajar\system\CodeIgniter.php(824): App\Controllers\Message->contact()
#4 C:\xampp\htdocs\belajar\system\CodeIgniter.php(410): CodeIgniter\CodeIgniter->runController(Object(App\Controllers\Message))
#5 C:\xampp\htdocs\belajar\system\CodeIgniter.php(318): CodeIgniter\CodeIgniter->handleRequest(NULL, Object(Config\Cache), false)
#6 C:\xampp\htdocs\belajar\public\index.php(37): CodeIgniter\CodeIgniter->run()
#7 {main}
CRITICAL - 2022-09-30 22:22:28 --> There is no data to insert.
#0 C:\xampp\htdocs\belajar\system\BaseModel.php(718): CodeIgniter\Database\Exceptions\DataException::forEmptyDataset('insert')
#1 C:\xampp\htdocs\belajar\system\Model.php(620): CodeIgniter\BaseModel->insert(Array, true)
#2 C:\xampp\htdocs\belajar\app\Controllers\Message.php(23): CodeIgniter\Model->insert(Array)
#3 C:\xampp\htdocs\belajar\system\CodeIgniter.php(824): App\Controllers\Message->pesan()
#4 C:\xampp\htdocs\belajar\system\CodeIgniter.php(410): CodeIgniter\CodeIgniter->runController(Object(App\Controllers\Message))
#5 C:\xampp\htdocs\belajar\system\CodeIgniter.php(318): CodeIgniter\CodeIgniter->handleRequest(NULL, Object(Config\Cache), false)
#6 C:\xampp\htdocs\belajar\public\index.php(37): CodeIgniter\CodeIgniter->run()
#7 {main}
CRITICAL - 2022-09-30 22:23:07 --> There is no data to insert.
#0 C:\xampp\htdocs\belajar\system\BaseModel.php(718): CodeIgniter\Database\Exceptions\DataException::forEmptyDataset('insert')
#1 C:\xampp\htdocs\belajar\system\Model.php(620): CodeIgniter\BaseModel->insert(Array, true)
#2 C:\xampp\htdocs\belajar\app\Controllers\Message.php(23): CodeIgniter\Model->insert(Array)
#3 C:\xampp\htdocs\belajar\system\CodeIgniter.php(824): App\Controllers\Message->pesan()
#4 C:\xampp\htdocs\belajar\system\CodeIgniter.php(410): CodeIgniter\CodeIgniter->runController(Object(App\Controllers\Message))
#5 C:\xampp\htdocs\belajar\system\CodeIgniter.php(318): CodeIgniter\CodeIgniter->handleRequest(NULL, Object(Config\Cache), false)
#6 C:\xampp\htdocs\belajar\public\index.php(37): CodeIgniter\CodeIgniter->run()
#7 {main}
CRITICAL - 2022-09-30 22:27:01 --> There is no data to insert.
#0 C:\xampp\htdocs\belajar\system\BaseModel.php(718): CodeIgniter\Database\Exceptions\DataException::forEmptyDataset('insert')
#1 C:\xampp\htdocs\belajar\system\Model.php(620): CodeIgniter\BaseModel->insert(Array, true)
#2 C:\xampp\htdocs\belajar\app\Controllers\Message.php(23): CodeIgniter\Model->insert(Array)
#3 C:\xampp\htdocs\belajar\system\CodeIgniter.php(824): App\Controllers\Message->pesan()
#4 C:\xampp\htdocs\belajar\system\CodeIgniter.php(410): CodeIgniter\CodeIgniter->runController(Object(App\Controllers\Message))
#5 C:\xampp\htdocs\belajar\system\CodeIgniter.php(318): CodeIgniter\CodeIgniter->handleRequest(NULL, Object(Config\Cache), false)
#6 C:\xampp\htdocs\belajar\public\index.php(37): CodeIgniter\CodeIgniter->run()
#7 {main}
CRITICAL - 2022-09-30 22:35:33 --> Undefined variable: data
#0 C:\xampp\htdocs\belajar\app\Views\admin_msg.php(24): CodeIgniter\Debug\Exceptions->errorHandler(8, 'Undefined varia...', 'C:\\xampp\\htdocs...', 24, Array)
#1 C:\xampp\htdocs\belajar\system\View\View.php(214): include('C:\\xampp\\htdocs...')
#2 C:\xampp\htdocs\belajar\system\View\View.php(217): CodeIgniter\View\View->CodeIgniter\View\{closure}()
#3 C:\xampp\htdocs\belajar\system\Common.php(1097): CodeIgniter\View\View->render('admin_msg', Array, true)
#4 C:\xampp\htdocs\belajar\app\Controllers\Admin.php(105): view('admin_msg', Array)
#5 C:\xampp\htdocs\belajar\system\CodeIgniter.php(824): App\Controllers\Admin->message()
#6 C:\xampp\htdocs\belajar\system\CodeIgniter.php(410): CodeIgniter\CodeIgniter->runController(Object(App\Controllers\Admin))
#7 C:\xampp\htdocs\belajar\system\CodeIgniter.php(318): CodeIgniter\CodeIgniter->handleRequest(NULL, Object(Config\Cache), false)
#8 C:\xampp\htdocs\belajar\public\index.php(37): CodeIgniter\CodeIgniter->run()
#9 {main}
CRITICAL - 2022-09-30 22:36:30 --> Undefined variable: user
#0 C:\xampp\htdocs\belajar\app\Views\admin_msg.php(24): CodeIgniter\Debug\Exceptions->errorHandler(8, 'Undefined varia...', 'C:\\xampp\\htdocs...', 24, Array)
#1 C:\xampp\htdocs\belajar\system\View\View.php(214): include('C:\\xampp\\htdocs...')
#2 C:\xampp\htdocs\belajar\system\View\View.php(217): CodeIgniter\View\View->CodeIgniter\View\{closure}()
#3 C:\xampp\htdocs\belajar\system\Common.php(1097): CodeIgniter\View\View->render('admin_msg', Array, true)
#4 C:\xampp\htdocs\belajar\app\Controllers\Admin.php(105): view('admin_msg', Array)
#5 C:\xampp\htdocs\belajar\system\CodeIgniter.php(824): App\Controllers\Admin->message()
#6 C:\xampp\htdocs\belajar\system\CodeIgniter.php(410): CodeIgniter\CodeIgniter->runController(Object(App\Controllers\Admin))
#7 C:\xampp\htdocs\belajar\system\CodeIgniter.php(318): CodeIgniter\CodeIgniter->handleRequest(NULL, Object(Config\Cache), false)
#8 C:\xampp\htdocs\belajar\public\index.php(37): CodeIgniter\CodeIgniter->run()
#9 {main}
CRITICAL - 2022-09-30 22:40:42 --> Undefined variable: data
#0 C:\xampp\htdocs\belajar\app\Views\admin_msg.php(24): CodeIgniter\Debug\Exceptions->errorHandler(8, 'Undefined varia...', 'C:\\xampp\\htdocs...', 24, Array)
#1 C:\xampp\htdocs\belajar\system\View\View.php(214): include('C:\\xampp\\htdocs...')
#2 C:\xampp\htdocs\belajar\system\View\View.php(217): CodeIgniter\View\View->CodeIgniter\View\{closure}()
#3 C:\xampp\htdocs\belajar\system\Common.php(1097): CodeIgniter\View\View->render('admin_msg', Array, true)
#4 C:\xampp\htdocs\belajar\app\Controllers\Message.php(33): view('admin_msg', Array)
#5 C:\xampp\htdocs\belajar\system\CodeIgniter.php(824): App\Controllers\Message->message()
#6 C:\xampp\htdocs\belajar\system\CodeIgniter.php(410): CodeIgniter\CodeIgniter->runController(Object(App\Controllers\Message))
#7 C:\xampp\htdocs\belajar\system\CodeIgniter.php(318): CodeIgniter\CodeIgniter->handleRequest(NULL, Object(Config\Cache), false)
#8 C:\xampp\htdocs\belajar\public\index.php(37): CodeIgniter\CodeIgniter->run()
#9 {main}
CRITICAL - 2022-09-30 22:40:44 --> Undefined variable: data
#0 C:\xampp\htdocs\belajar\app\Views\admin_msg.php(24): CodeIgniter\Debug\Exceptions->errorHandler(8, 'Undefined varia...', 'C:\\xampp\\htdocs...', 24, Array)
#1 C:\xampp\htdocs\belajar\system\View\View.php(214): include('C:\\xampp\\htdocs...')
#2 C:\xampp\htdocs\belajar\system\View\View.php(217): CodeIgniter\View\View->CodeIgniter\View\{closure}()
#3 C:\xampp\htdocs\belajar\system\Common.php(1097): CodeIgniter\View\View->render('admin_msg', Array, true)
#4 C:\xampp\htdocs\belajar\app\Controllers\Message.php(33): view('admin_msg', Array)
#5 C:\xampp\htdocs\belajar\system\CodeIgniter.php(824): App\Controllers\Message->message()
#6 C:\xampp\htdocs\belajar\system\CodeIgniter.php(410): CodeIgniter\CodeIgniter->runController(Object(App\Controllers\Message))
#7 C:\xampp\htdocs\belajar\system\CodeIgniter.php(318): CodeIgniter\CodeIgniter->handleRequest(NULL, Object(Config\Cache), false)
#8 C:\xampp\htdocs\belajar\public\index.php(37): CodeIgniter\CodeIgniter->run()
#9 {main}
CRITICAL - 2022-09-30 22:41:19 --> Undefined variable: data
#0 C:\xampp\htdocs\belajar\app\Views\admin_msg.php(24): CodeIgniter\Debug\Exceptions->errorHandler(8, 'Undefined varia...', 'C:\\xampp\\htdocs...', 24, Array)
#1 C:\xampp\htdocs\belajar\system\View\View.php(214): include('C:\\xampp\\htdocs...')
#2 C:\xampp\htdocs\belajar\system\View\View.php(217): CodeIgniter\View\View->CodeIgniter\View\{closure}()
#3 C:\xampp\htdocs\belajar\system\Common.php(1097): CodeIgniter\View\View->render('admin_msg', Array, true)
#4 C:\xampp\htdocs\belajar\app\Controllers\Message.php(33): view('admin_msg', Array)
#5 C:\xampp\htdocs\belajar\system\CodeIgniter.php(824): App\Controllers\Message->message()
#6 C:\xampp\htdocs\belajar\system\CodeIgniter.php(410): CodeIgniter\CodeIgniter->runController(Object(App\Controllers\Message))
#7 C:\xampp\htdocs\belajar\system\CodeIgniter.php(318): CodeIgniter\CodeIgniter->handleRequest(NULL, Object(Config\Cache), false)
#8 C:\xampp\htdocs\belajar\public\index.php(37): CodeIgniter\CodeIgniter->run()
#9 {main}
CRITICAL - 2022-09-30 22:43:26 --> Undefined variable: id
#0 C:\xampp\htdocs\belajar\app\Controllers\Message.php(39): CodeIgniter\Debug\Exceptions->errorHandler(8, 'Undefined varia...', 'C:\\xampp\\htdocs...', 39, Array)
#1 C:\xampp\htdocs\belajar\system\CodeIgniter.php(824): App\Controllers\Message->detail()
#2 C:\xampp\htdocs\belajar\system\CodeIgniter.php(410): CodeIgniter\CodeIgniter->runController(Object(App\Controllers\Message))
#3 C:\xampp\htdocs\belajar\system\CodeIgniter.php(318): CodeIgniter\CodeIgniter->handleRequest(NULL, Object(Config\Cache), false)
#4 C:\xampp\htdocs\belajar\public\index.php(37): CodeIgniter\CodeIgniter->run()
#5 {main}
CRITICAL - 2022-09-30 22:44:24 --> Undefined variable: id
#0 C:\xampp\htdocs\belajar\app\Controllers\Message.php(39): CodeIgniter\Debug\Exceptions->errorHandler(8, 'Undefined varia...', 'C:\\xampp\\htdocs...', 39, Array)
#1 C:\xampp\htdocs\belajar\system\CodeIgniter.php(824): App\Controllers\Message->detail()
#2 C:\xampp\htdocs\belajar\system\CodeIgniter.php(410): CodeIgniter\CodeIgniter->runController(Object(App\Controllers\Message))
#3 C:\xampp\htdocs\belajar\system\CodeIgniter.php(318): CodeIgniter\CodeIgniter->handleRequest(NULL, Object(Config\Cache), false)
#4 C:\xampp\htdocs\belajar\public\index.php(37): CodeIgniter\CodeIgniter->run()
#5 {main}
CRITICAL - 2022-09-30 22:50:41 --> Undefined variable: id
#0 C:\xampp\htdocs\belajar\app\Controllers\Message.php(39): CodeIgniter\Debug\Exceptions->errorHandler(8, 'Undefined varia...', 'C:\\xampp\\htdocs...', 39, Array)
#1 C:\xampp\htdocs\belajar\system\CodeIgniter.php(824): App\Controllers\Message->detail()
#2 C:\xampp\htdocs\belajar\system\CodeIgniter.php(410): CodeIgniter\CodeIgniter->runController(Object(App\Controllers\Message))
#3 C:\xampp\htdocs\belajar\system\CodeIgniter.php(318): CodeIgniter\CodeIgniter->handleRequest(NULL, Object(Config\Cache), false)
#4 C:\xampp\htdocs\belajar\public\index.php(37): CodeIgniter\CodeIgniter->run()
#5 {main}
CRITICAL - 2022-09-30 22:54:52 --> Undefined variable: data
#0 C:\xampp\htdocs\belajar\app\Views\message_detail.php(15): CodeIgniter\Debug\Exceptions->errorHandler(8, 'Undefined varia...', 'C:\\xampp\\htdocs...', 15, Array)
#1 C:\xampp\htdocs\belajar\system\View\View.php(214): include('C:\\xampp\\htdocs...')
#2 C:\xampp\htdocs\belajar\system\View\View.php(217): CodeIgniter\View\View->CodeIgniter\View\{closure}()
#3 C:\xampp\htdocs\belajar\system\Common.php(1097): CodeIgniter\View\View->render('message_detail', Array, true)
#4 C:\xampp\htdocs\belajar\app\Controllers\Message.php(40): view('message_detail', Array)
#5 C:\xampp\htdocs\belajar\system\CodeIgniter.php(824): App\Controllers\Message->detail('$1')
#6 C:\xampp\htdocs\belajar\system\CodeIgniter.php(410): CodeIgniter\CodeIgniter->runController(Object(App\Controllers\Message))
#7 C:\xampp\htdocs\belajar\system\CodeIgniter.php(318): CodeIgniter\CodeIgniter->handleRequest(NULL, Object(Config\Cache), false)
#8 C:\xampp\htdocs\belajar\public\index.php(37): CodeIgniter\CodeIgniter->run()
#9 {main}
CRITICAL - 2022-09-30 22:57:43 --> Undefined variable: data
#0 C:\xampp\htdocs\belajar\app\Views\message_detail.php(15): CodeIgniter\Debug\Exceptions->errorHandler(8, 'Undefined varia...', 'C:\\xampp\\htdocs...', 15, Array)
#1 C:\xampp\htdocs\belajar\system\View\View.php(214): include('C:\\xampp\\htdocs...')
#2 C:\xampp\htdocs\belajar\system\View\View.php(217): CodeIgniter\View\View->CodeIgniter\View\{closure}()
#3 C:\xampp\htdocs\belajar\system\Common.php(1097): CodeIgniter\View\View->render('message_detail', Array, true)
#4 C:\xampp\htdocs\belajar\app\Controllers\Message.php(40): view('message_detail', Array)
#5 C:\xampp\htdocs\belajar\system\CodeIgniter.php(824): App\Controllers\Message->detail('message')
#6 C:\xampp\htdocs\belajar\system\CodeIgniter.php(410): CodeIgniter\CodeIgniter->runController(Object(App\Controllers\Message))
#7 C:\xampp\htdocs\belajar\system\CodeIgniter.php(318): CodeIgniter\CodeIgniter->handleRequest(NULL, Object(Config\Cache), false)
#8 C:\xampp\htdocs\belajar\public\index.php(37): CodeIgniter\CodeIgniter->run()
#9 {main}
CRITICAL - 2022-09-30 23:03:16 --> Undefined variable: id
#0 C:\xampp\htdocs\belajar\app\Views\admin_msg.php(34): CodeIgniter\Debug\Exceptions->errorHandler(8, 'Undefined varia...', 'C:\\xampp\\htdocs...', 34, Array)
#1 C:\xampp\htdocs\belajar\system\View\View.php(214): include('C:\\xampp\\htdocs...')
#2 C:\xampp\htdocs\belajar\system\View\View.php(217): CodeIgniter\View\View->CodeIgniter\View\{closure}()
#3 C:\xampp\htdocs\belajar\system\Common.php(1097): CodeIgniter\View\View->render('admin_msg', Array, true)
#4 C:\xampp\htdocs\belajar\app\Controllers\Message.php(33): view('admin_msg', Array)
#5 C:\xampp\htdocs\belajar\system\CodeIgniter.php(824): App\Controllers\Message->message()
#6 C:\xampp\htdocs\belajar\system\CodeIgniter.php(410): CodeIgniter\CodeIgniter->runController(Object(App\Controllers\Message))
#7 C:\xampp\htdocs\belajar\system\CodeIgniter.php(318): CodeIgniter\CodeIgniter->handleRequest(NULL, Object(Config\Cache), false)
#8 C:\xampp\htdocs\belajar\public\index.php(37): CodeIgniter\CodeIgniter->run()
#9 {main}
CRITICAL - 2022-09-30 23:03:36 --> Undefined variable: id
#0 C:\xampp\htdocs\belajar\app\Views\admin_msg.php(34): CodeIgniter\Debug\Exceptions->errorHandler(8, 'Undefined varia...', 'C:\\xampp\\htdocs...', 34, Array)
#1 C:\xampp\htdocs\belajar\system\View\View.php(214): include('C:\\xampp\\htdocs...')
#2 C:\xampp\htdocs\belajar\system\View\View.php(217): CodeIgniter\View\View->CodeIgniter\View\{closure}()
#3 C:\xampp\htdocs\belajar\system\Common.php(1097): CodeIgniter\View\View->render('admin_msg', Array, true)
#4 C:\xampp\htdocs\belajar\app\Controllers\Message.php(33): view('admin_msg', Array)
#5 C:\xampp\htdocs\belajar\system\CodeIgniter.php(824): App\Controllers\Message->message()
#6 C:\xampp\htdocs\belajar\system\CodeIgniter.php(410): CodeIgniter\CodeIgniter->runController(Object(App\Controllers\Message))
#7 C:\xampp\htdocs\belajar\system\CodeIgniter.php(318): CodeIgniter\CodeIgniter->handleRequest(NULL, Object(Config\Cache), false)
#8 C:\xampp\htdocs\belajar\public\index.php(37): CodeIgniter\CodeIgniter->run()
#9 {main}
CRITICAL - 2022-09-30 23:04:28 --> Undefined variable: id
#0 C:\xampp\htdocs\belajar\app\Views\admin_msg.php(34): CodeIgniter\Debug\Exceptions->errorHandler(8, 'Undefined varia...', 'C:\\xampp\\htdocs...', 34, Array)
#1 C:\xampp\htdocs\belajar\system\View\View.php(214): include('C:\\xampp\\htdocs...')
#2 C:\xampp\htdocs\belajar\system\View\View.php(217): CodeIgniter\View\View->CodeIgniter\View\{closure}()
#3 C:\xampp\htdocs\belajar\system\Common.php(1097): CodeIgniter\View\View->render('admin_msg', Array, true)
#4 C:\xampp\htdocs\belajar\app\Controllers\Message.php(33): view('admin_msg', Array)
#5 C:\xampp\htdocs\belajar\system\CodeIgniter.php(824): App\Controllers\Message->message()
#6 C:\xampp\htdocs\belajar\system\CodeIgniter.php(410): CodeIgniter\CodeIgniter->runController(Object(App\Controllers\Message))
#7 C:\xampp\htdocs\belajar\system\CodeIgniter.php(318): CodeIgniter\CodeIgniter->handleRequest(NULL, Object(Config\Cache), false)
#8 C:\xampp\htdocs\belajar\public\index.php(37): CodeIgniter\CodeIgniter->run()
#9 {main}
CRITICAL - 2022-09-30 23:05:08 --> Undefined index: id
#0 C:\xampp\htdocs\belajar\app\Views\admin_msg.php(34): CodeIgniter\Debug\Exceptions->errorHandler(8, 'Undefined index...', 'C:\\xampp\\htdocs...', 34, Array)
#1 C:\xampp\htdocs\belajar\system\View\View.php(214): include('C:\\xampp\\htdocs...')
#2 C:\xampp\htdocs\belajar\system\View\View.php(217): CodeIgniter\View\View->CodeIgniter\View\{closure}()
#3 C:\xampp\htdocs\belajar\system\Common.php(1097): CodeIgniter\View\View->render('admin_msg', Array, true)
#4 C:\xampp\htdocs\belajar\app\Controllers\Message.php(33): view('admin_msg', Array)
#5 C:\xampp\htdocs\belajar\system\CodeIgniter.php(824): App\Controllers\Message->message()
#6 C:\xampp\htdocs\belajar\system\CodeIgniter.php(410): CodeIgniter\CodeIgniter->runController(Object(App\Controllers\Message))
#7 C:\xampp\htdocs\belajar\system\CodeIgniter.php(318): CodeIgniter\CodeIgniter->handleRequest(NULL, Object(Config\Cache), false)
#8 C:\xampp\htdocs\belajar\public\index.php(37): CodeIgniter\CodeIgniter->run()
#9 {main}
CRITICAL - 2022-09-30 23:43:05 --> Undefined variable: belajar
#0 C:\xampp\htdocs\belajar\app\Views\admin_msg.php(35): CodeIgniter\Debug\Exceptions->errorHandler(8, 'Undefined varia...', 'C:\\xampp\\htdocs...', 35, Array)
#1 C:\xampp\htdocs\belajar\system\View\View.php(214): include('C:\\xampp\\htdocs...')
#2 C:\xampp\htdocs\belajar\system\View\View.php(217): CodeIgniter\View\View->CodeIgniter\View\{closure}()
#3 C:\xampp\htdocs\belajar\system\Common.php(1097): CodeIgniter\View\View->render('admin_msg', Array, true)
#4 C:\xampp\htdocs\belajar\app\Controllers\Message.php(33): view('admin_msg', Array)
#5 C:\xampp\htdocs\belajar\system\CodeIgniter.php(824): App\Controllers\Message->message()
#6 C:\xampp\htdocs\belajar\system\CodeIgniter.php(410): CodeIgniter\CodeIgniter->runController(Object(App\Controllers\Message))
#7 C:\xampp\htdocs\belajar\system\CodeIgniter.php(318): CodeIgniter\CodeIgniter->handleRequest(NULL, Object(Config\Cache), false)
#8 C:\xampp\htdocs\belajar\public\index.php(37): CodeIgniter\CodeIgniter->run()
#9 {main}
